{"logTime": "1114/045444", "correlationVector":"XtCG64OhX+4+A8etGBAFYM.198","action":"GetUpdates", "result":"DeleteReceived", "context":{"id":"4913e92a-a005-4fdf-8eb8-b364ac0cd582", "isDeleted:":"true", "version":"1699574484470"}}
{"logTime": "1114/045444", "correlationVector":"XtCG64OhX+4+A8etGBAFYM.199","action":"GetUpdates", "result":"DeleteReceived", "context":{"id":"d758767e-6072-46d6-aa3b-7fdf448db46b", "isDeleted:":"true", "version":"1699574574256"}}
{"logTime": "1114/045444", "correlationVector":"XtCG64OhX+4+A8etGBAFYM.200","action":"GetUpdates", "result":"DeleteReceived", "context":{"id":"ec60b5fd-353f-40b8-a800-4465e9a81596", "isDeleted:":"true", "version":"1699574574257"}}
{"logTime": "1114/045444", "correlationVector":"XtCG64OhX+4+A8etGBAFYM.201","action":"GetUpdates", "result":"DeleteReceived", "context":{"id":"613c63ec-f450-42d3-b578-b856156a8807", "isDeleted:":"true", "version":"1699574574258"}}
{"logTime": "1114/045444", "correlationVector":"XtCG64OhX+4+A8etGBAFYM.202","action":"GetUpdates", "result":"DeleteReceived", "context":{"id":"f0950e08-3a59-423b-9295-f81f9ef4e273", "isDeleted:":"true", "version":"1699574574259"}}
{"logTime": "1114/045444", "correlationVector":"XtCG64OhX+4+A8etGBAFYM.203","action":"GetUpdates", "result":"DeleteReceived", "context":{"id":"524f5786-270c-43d5-adb5-337ba32cc775", "isDeleted:":"true", "version":"1699575141686"}}
{"logTime": "1114/045444", "correlationVector":"XtCG64OhX+4+A8etGBAFYM.204","action":"GetUpdates", "result":"DeleteReceived", "context":{"id":"cbe989b4-3e93-47f8-859d-594691f5e17b", "isDeleted:":"true", "version":"1699575141687"}}
{"logTime": "1114/045444", "correlationVector":"XtCG64OhX+4+A8etGBAFYM.205","action":"GetUpdates", "result":"DeleteReceived", "context":{"id":"d188a625-0a43-455c-86a2-e8b978b72f50", "isDeleted:":"true", "version":"1699575746943"}}
{"logTime": "1114/045444", "correlationVector":"XtCG64OhX+4+A8etGBAFYM.206","action":"GetUpdates", "result":"DeleteReceived", "context":{"id":"525c3a76-e382-40f3-9738-38eb6562fbb1", "isDeleted:":"true", "version":"1699576373531"}}
{"logTime": "1114/045444", "correlationVector":"XtCG64OhX+4+A8etGBAFYM.207","action":"GetUpdates", "result":"DeleteReceived", "context":{"id":"9f448d8f-d277-4fc7-8e57-8a7157fc0159", "isDeleted:":"true", "version":"1699578908826"}}
{"logTime": "1114/045444", "correlationVector":"XtCG64OhX+4+A8etGBAFYM.208","action":"GetUpdates", "result":"DeleteReceived", "context":{"id":"11713518-e928-448a-bba4-6a68c2d093eb", "isDeleted:":"true", "version":"1699579678925"}}
{"logTime": "1114/045444", "correlationVector":"XtCG64OhX+4+A8etGBAFYM.209","action":"GetUpdates", "result":"DeleteReceived", "context":{"id":"ec283c74-ddf7-4260-84f8-5aa3694b43cb", "isDeleted:":"true", "version":"1699579751735"}}
{"logTime": "1114/045444", "correlationVector":"XtCG64OhX+4+A8etGBAFYM.210","action":"GetUpdates", "result":"DeleteReceived", "context":{"id":"d46bd846-00ac-4912-8606-a350c09441dd", "isDeleted:":"true", "version":"1699580157880"}}
{"logTime": "1114/045444", "correlationVector":"XtCG64OhX+4+A8etGBAFYM.211","action":"GetUpdates", "result":"DeleteReceived", "context":{"id":"9002da46-ee68-4995-85b2-9ff69654ced5", "isDeleted:":"true", "version":"1699580504599"}}
{"logTime": "1114/045444", "correlationVector":"XtCG64OhX+4+A8etGBAFYM.212","action":"GetUpdates", "result":"DeleteReceived", "context":{"id":"0cfdef44-4d59-41db-b927-d1d6a1ba47bb", "isDeleted:":"true", "version":"1699580757407"}}
{"logTime": "1114/045444", "correlationVector":"XtCG64OhX+4+A8etGBAFYM.213","action":"GetUpdates", "result":"DeleteReceived", "context":{"id":"ed07cb4f-7601-465e-806d-c1cc94a912a4", "isDeleted:":"true", "version":"1699583829603"}}
{"logTime": "1114/045444", "correlationVector":"XtCG64OhX+4+A8etGBAFYM.214","action":"GetUpdates", "result":"DeleteReceived", "context":{"id":"4a45cb5c-0e57-463e-ba4a-b1e5989bbeb9", "isDeleted:":"true", "version":"1699583946692"}}
{"logTime": "1114/045444", "correlationVector":"XtCG64OhX+4+A8etGBAFYM.215","action":"GetUpdates", "result":"DeleteReceived", "context":{"id":"8a58e534-3974-41fd-9287-de98d4ff2bd2", "isDeleted:":"true", "version":"1699613151813"}}
{"logTime": "1114/045444", "correlationVector":"XtCG64OhX+4+A8etGBAFYM.216","action":"GetUpdates", "result":"DeleteReceived", "context":{"id":"d7a2807c-e073-4316-af16-817ca6b7be58", "isDeleted:":"true", "version":"1699613386673"}}
{"logTime": "1114/045444", "correlationVector":"XtCG64OhX+4+A8etGBAFYM.217","action":"GetUpdates", "result":"DeleteReceived", "context":{"id":"b8f2298b-1f9f-4b93-8267-abffaf7a30c3", "isDeleted:":"true", "version":"1699613964401"}}
{"logTime": "1114/045444", "correlationVector":"XtCG64OhX+4+A8etGBAFYM.218","action":"GetUpdates", "result":"DeleteReceived", "context":{"id":"1abfb3ee-4cd0-4ee8-b742-208f8001e960", "isDeleted:":"true", "version":"1699614554673"}}
{"logTime": "1114/045444", "correlationVector":"XtCG64OhX+4+A8etGBAFYM.219","action":"GetUpdates", "result":"DeleteReceived", "context":{"id":"f1c1b09d-c4db-4e42-9e81-e75ae66e3aa9", "isDeleted:":"true", "version":"1699614689800"}}
{"logTime": "1114/045444", "correlationVector":"XtCG64OhX+4+A8etGBAFYM.220","action":"GetUpdates", "result":"DeleteReceived", "context":{"id":"f922fca1-5446-488f-a188-690abfb70a1b", "isDeleted:":"true", "version":"1699615055580"}}
{"logTime": "1114/045444", "correlationVector":"XtCG64OhX+4+A8etGBAFYM.221","action":"GetUpdates", "result":"DeleteReceived", "context":{"id":"a2957d9f-e439-4dab-9367-233cfcace079", "isDeleted:":"true", "version":"1699615340142"}}
{"logTime": "1114/045444", "correlationVector":"XtCG64OhX+4+A8etGBAFYM.222","action":"GetUpdates", "result":"DeleteReceived", "context":{"id":"f9483a37-4b5c-4bf5-96a0-bbe2f40317f1", "isDeleted:":"true", "version":"1699616797864"}}
{"logTime": "1114/045444", "correlationVector":"XtCG64OhX+4+A8etGBAFYM.223","action":"GetUpdates", "result":"DeleteReceived", "context":{"id":"78e0f416-91fb-4ca8-a327-ce2bab88ada3", "isDeleted:":"true", "version":"1699617329373"}}
{"logTime": "1114/045444", "correlationVector":"XtCG64OhX+4+A8etGBAFYM.224","action":"GetUpdates", "result":"DeleteReceived", "context":{"id":"c7ed9e88-212a-4255-888d-e4681552b4d1", "isDeleted:":"true", "version":"1699617863587"}}
{"logTime": "1114/045444", "correlationVector":"XtCG64OhX+4+A8etGBAFYM.225","action":"GetUpdates", "result":"DeleteReceived", "context":{"id":"2754048c-f77b-45bd-a8e5-2438bb8e7fcb", "isDeleted:":"true", "version":"1699618268171"}}
{"logTime": "1114/045444", "correlationVector":"XtCG64OhX+4+A8etGBAFYM.226","action":"GetUpdates", "result":"DeleteReceived", "context":{"id":"c2cab951-286a-4cb0-9e15-c9fb5bc8a1c3", "isDeleted:":"true", "version":"1699619114715"}}
{"logTime": "1114/045444", "correlationVector":"XtCG64OhX+4+A8etGBAFYM.227","action":"GetUpdates", "result":"DeleteReceived", "context":{"id":"40fe1ed1-1590-48f2-a9f2-00296cac2fe7", "isDeleted:":"true", "version":"1699619414505"}}
{"logTime": "1114/045444", "correlationVector":"XtCG64OhX+4+A8etGBAFYM.228","action":"GetUpdates", "result":"DeleteReceived", "context":{"id":"cd1195a7-4e5f-4b73-bf5d-3f2b2d77bba7", "isDeleted:":"true", "version":"1699619825460"}}
{"logTime": "1114/045444", "correlationVector":"XtCG64OhX+4+A8etGBAFYM.229","action":"GetUpdates", "result":"DeleteReceived", "context":{"id":"88b23d13-5497-45a2-9bf1-663cd5cf75a1", "isDeleted:":"true", "version":"1699620517488"}}
{"logTime": "1114/045444", "correlationVector":"XtCG64OhX+4+A8etGBAFYM.230","action":"GetUpdates", "result":"DeleteReceived", "context":{"id":"9d467020-fad1-434e-ac2c-03129460e8a7", "isDeleted:":"true", "version":"1699620676898"}}
{"logTime": "1114/045444", "correlationVector":"XtCG64OhX+4+A8etGBAFYM.231","action":"GetUpdates", "result":"DeleteReceived", "context":{"id":"94a837e6-cbd6-434b-a188-77e301faee2b", "isDeleted:":"true", "version":"1699620872115"}}
{"logTime": "1114/045444", "correlationVector":"XtCG64OhX+4+A8etGBAFYM.232","action":"GetUpdates", "result":"DeleteReceived", "context":{"id":"1b451c7a-2e97-461b-bed5-6d23dd3c417c", "isDeleted:":"true", "version":"1699620957292"}}
{"logTime": "1114/045444", "correlationVector":"XtCG64OhX+4+A8etGBAFYM.233","action":"GetUpdates", "result":"DeleteReceived", "context":{"id":"875379e9-e160-446d-bfc0-fc7f9715640b", "isDeleted:":"true", "version":"1699621142502"}}
{"logTime": "1114/045444", "correlationVector":"XtCG64OhX+4+A8etGBAFYM.234","action":"GetUpdates", "result":"DeleteReceived", "context":{"id":"ce3529d3-e43b-461b-96ea-d4b829bbaff7", "isDeleted:":"true", "version":"1699623570213"}}
{"logTime": "1114/045444", "correlationVector":"XtCG64OhX+4+A8etGBAFYM.235","action":"GetUpdates", "result":"DeleteReceived", "context":{"id":"c80a55c8-bf70-45be-9aeb-478cd6c4222b", "isDeleted:":"true", "version":"1699623935405"}}
{"logTime": "1114/045444", "correlationVector":"XtCG64OhX+4+A8etGBAFYM.236","action":"GetUpdates", "result":"DeleteReceived", "context":{"id":"fc6687ec-4897-48e2-961e-79ccf4b3c1e5", "isDeleted:":"true", "version":"1699624177217"}}
{"logTime": "1114/045444", "correlationVector":"XtCG64OhX+4+A8etGBAFYM.237","action":"GetUpdates Response", "result":"SERVER_MORE_TO_DOWNLOAD", "context":Received 250 update(s).  Some updates remain.}
{"logTime": "1114/045444", "correlationVector":"1lboOVmfAvxSGR7RSL9zU5","action":"Normal GetUpdate request", "result":"", "context":cV=1lboOVmfAvxSGR7RSL9zU5
Nudged types: Sessions, Device Info, User Consents
Refresh requested types: Bookmarks, Preferences, Passwords, Autofill, Autofill Custom Data, Typed URLs, Extensions, Sessions, Extension settings, History Delete Directives, Device Info, User Consents, Send Tab To Self, Web Apps, Collection, Edge E Drop, Edge Hub App Usage, Edge Wallet, Encryption Keys}
{"logTime": "1114/045444", "correlationVector":"1lboOVmfAvxSGR7RSL9zU5.1","action":"SyncServerConnectionManagerRequest", "result":"SYNC_SERVER_OK", "context":{"environment":"Prod_SoutheastAsia_000j", "migrationStage":"NotStarted", "server":"GENERAL0100001A"}}
{"logTime": "1114/045444", "correlationVector":"1lboOVmfAvxSGR7RSL9zU5.2","action":"GetUpdates", "result":"DeleteReceived", "context":{"id":"f23ab40f-1b39-4cfb-a1d1-b595a10b281c", "isDeleted:":"true", "version":"1699625111070"}}
{"logTime": "1114/045444", "correlationVector":"1lboOVmfAvxSGR7RSL9zU5.3","action":"GetUpdates", "result":"DeleteReceived", "context":{"id":"bf112840-69ea-48cb-a2da-7bcd43f7653d", "isDeleted:":"true", "version":"1699628519258"}}
{"logTime": "1114/045444", "correlationVector":"1lboOVmfAvxSGR7RSL9zU5.4","action":"GetUpdates", "result":"DeleteReceived", "context":{"id":"bf580737-6b9d-4321-93a7-9cfddd89c835", "isDeleted:":"true", "version":"1699628786637"}}
{"logTime": "1114/045444", "correlationVector":"1lboOVmfAvxSGR7RSL9zU5.5","action":"GetUpdates", "result":"DeleteReceived", "context":{"id":"3dd7af69-34ec-4431-aef3-d5d2a86eca12", "isDeleted:":"true", "version":"1699630172352"}}
{"logTime": "1114/045444", "correlationVector":"1lboOVmfAvxSGR7RSL9zU5.6","action":"GetUpdates", "result":"DeleteReceived", "context":{"id":"789d982d-0a09-41f8-847a-c4e2407729c6", "isDeleted:":"true", "version":"1699630380212"}}
{"logTime": "1114/045444", "correlationVector":"1lboOVmfAvxSGR7RSL9zU5.7","action":"GetUpdates", "result":"DeleteReceived", "context":{"id":"71b51943-169e-4dbc-aeb9-2df224cb3113", "isDeleted:":"true", "version":"1699631173140"}}
{"logTime": "1114/045444", "correlationVector":"1lboOVmfAvxSGR7RSL9zU5.8","action":"GetUpdates", "result":"DeleteReceived", "context":{"id":"8607be57-aac1-4204-a68e-63190e841ac0", "isDeleted:":"true", "version":"1699633370146"}}
{"logTime": "1114/045444", "correlationVector":"1lboOVmfAvxSGR7RSL9zU5.9","action":"GetUpdates", "result":"DeleteReceived", "context":{"id":"790ea454-a3d3-4f82-84f4-6001a1dabe09", "isDeleted:":"true", "version":"1699633949075"}}
{"logTime": "1114/045444", "correlationVector":"1lboOVmfAvxSGR7RSL9zU5.10","action":"GetUpdates", "result":"DeleteReceived", "context":{"id":"ab7dcaf3-c986-4a14-ab2b-5345ffb78d79", "isDeleted:":"true", "version":"1699634272659"}}
{"logTime": "1114/045444", "correlationVector":"1lboOVmfAvxSGR7RSL9zU5.11","action":"GetUpdates", "result":"DeleteReceived", "context":{"id":"928945b4-78c3-4fc3-8068-efc6e22c3679", "isDeleted:":"true", "version":"1699634563144"}}
{"logTime": "1114/045444", "correlationVector":"1lboOVmfAvxSGR7RSL9zU5.12","action":"GetUpdates", "result":"DeleteReceived", "context":{"id":"22e13828-9c7b-47fa-ad03-d9aac031d73b", "isDeleted:":"true", "version":"1699634843665"}}
{"logTime": "1114/045444", "correlationVector":"1lboOVmfAvxSGR7RSL9zU5.13","action":"GetUpdates", "result":"DeleteReceived", "context":{"id":"807c7b40-86ea-4b25-9333-344f87e05b15", "isDeleted:":"true", "version":"1699635088951"}}
{"logTime": "1114/045444", "correlationVector":"1lboOVmfAvxSGR7RSL9zU5.14","action":"GetUpdates", "result":"DeleteReceived", "context":{"id":"0c86a1d5-4664-450c-8202-13f97dc887cc", "isDeleted:":"true", "version":"1699635855895"}}
{"logTime": "1114/045444", "correlationVector":"1lboOVmfAvxSGR7RSL9zU5.15","action":"GetUpdates", "result":"DeleteReceived", "context":{"id":"167b00f4-59de-41b4-afd6-dcc1495aab98", "isDeleted:":"true", "version":"1699636057134"}}
{"logTime": "1114/045444", "correlationVector":"1lboOVmfAvxSGR7RSL9zU5.16","action":"GetUpdates", "result":"DeleteReceived", "context":{"id":"7983284f-df06-4c5f-b725-47828851925e", "isDeleted:":"true", "version":"1699636652227"}}
{"logTime": "1114/045444", "correlationVector":"1lboOVmfAvxSGR7RSL9zU5.17","action":"GetUpdates", "result":"DeleteReceived", "context":{"id":"2340a691-04c6-455e-aedc-f81fae733abb", "isDeleted:":"true", "version":"1699637533537"}}
{"logTime": "1114/045444", "correlationVector":"1lboOVmfAvxSGR7RSL9zU5.18","action":"GetUpdates", "result":"DeleteReceived", "context":{"id":"ff9f6531-898e-4f9e-b891-fb37566805f9", "isDeleted:":"true", "version":"1699644302682"}}
{"logTime": "1114/045444", "correlationVector":"1lboOVmfAvxSGR7RSL9zU5.19","action":"GetUpdates", "result":"DeleteReceived", "context":{"id":"13614248-0d5c-4483-a509-f110682591df", "isDeleted:":"true", "version":"1699679695656"}}
{"logTime": "1114/045444", "correlationVector":"1lboOVmfAvxSGR7RSL9zU5.20","action":"GetUpdates", "result":"DeleteReceived", "context":{"id":"db9ff5fc-24fa-4547-a19e-7cc1af5ebe2f", "isDeleted:":"true", "version":"1699679695657"}}
{"logTime": "1114/045444", "correlationVector":"1lboOVmfAvxSGR7RSL9zU5.21","action":"GetUpdates", "result":"DeleteReceived", "context":{"id":"96db8466-ca5e-426c-a485-7100ccc5afec", "isDeleted:":"true", "version":"1699679949842"}}
{"logTime": "1114/045444", "correlationVector":"1lboOVmfAvxSGR7RSL9zU5.22","action":"GetUpdates", "result":"DeleteReceived", "context":{"id":"10ad2d6b-4d19-48a1-afef-fc827cd8a68d", "isDeleted:":"true", "version":"1699680074180"}}
{"logTime": "1114/045444", "correlationVector":"1lboOVmfAvxSGR7RSL9zU5.23","action":"GetUpdates", "result":"DeleteReceived", "context":{"id":"9a4f2e98-1d8d-4edb-8321-9ed49c95a892", "isDeleted:":"true", "version":"1699680490114"}}
{"logTime": "1114/045444", "correlationVector":"1lboOVmfAvxSGR7RSL9zU5.24","action":"GetUpdates", "result":"DeleteReceived", "context":{"id":"8290019c-fa58-4fc5-b090-d0a5165df517", "isDeleted:":"true", "version":"1699680620265"}}
{"logTime": "1114/045444", "correlationVector":"1lboOVmfAvxSGR7RSL9zU5.25","action":"GetUpdates", "result":"DeleteReceived", "context":{"id":"ab37edf7-eceb-4d78-bedc-f3f4ee4de13f", "isDeleted:":"true", "version":"1699680768913"}}
{"logTime": "1114/045444", "correlationVector":"1lboOVmfAvxSGR7RSL9zU5.26","action":"GetUpdates", "result":"DeleteReceived", "context":{"id":"a11168d0-b507-48f9-bfc1-817735c8194f", "isDeleted:":"true", "version":"1699681200593"}}
{"logTime": "1114/045444", "correlationVector":"1lboOVmfAvxSGR7RSL9zU5.27","action":"GetUpdates", "result":"DeleteReceived", "context":{"id":"61dfe57f-a58a-4c63-bf64-ef84074b5b50", "isDeleted:":"true", "version":"1699681294939"}}
{"logTime": "1114/045444", "correlationVector":"1lboOVmfAvxSGR7RSL9zU5.28","action":"GetUpdates", "result":"DeleteReceived", "context":{"id":"039ea45c-7a28-45ed-ab1c-60a8711e3d08", "isDeleted:":"true", "version":"1699681326986"}}
{"logTime": "1114/045444", "correlationVector":"1lboOVmfAvxSGR7RSL9zU5.29","action":"GetUpdates", "result":"DeleteReceived", "context":{"id":"f0518322-14f5-409c-be22-b71b7d2d4797", "isDeleted:":"true", "version":"1699681362018"}}
{"logTime": "1114/045444", "correlationVector":"1lboOVmfAvxSGR7RSL9zU5.30","action":"GetUpdates", "result":"DeleteReceived", "context":{"id":"64f4012c-9234-44a7-922f-0bb9a17d6b47", "isDeleted:":"true", "version":"1699681507330"}}
{"logTime": "1114/045444", "correlationVector":"1lboOVmfAvxSGR7RSL9zU5.31","action":"GetUpdates", "result":"DeleteReceived", "context":{"id":"78ef4db3-33fe-40c1-afbd-e3e985d9c01e", "isDeleted:":"true", "version":"1699681741788"}}
{"logTime": "1114/045444", "correlationVector":"1lboOVmfAvxSGR7RSL9zU5.32","action":"GetUpdates", "result":"DeleteReceived", "context":{"id":"eeaa6450-cf9e-4cf1-842a-ca0d177b2ec6", "isDeleted:":"true", "version":"1699682504579"}}
{"logTime": "1114/045444", "correlationVector":"1lboOVmfAvxSGR7RSL9zU5.33","action":"GetUpdates", "result":"DeleteReceived", "context":{"id":"e5251a4b-6219-405d-a18b-401534921732", "isDeleted:":"true", "version":"1699682731219"}}
{"logTime": "1114/045444", "correlationVector":"1lboOVmfAvxSGR7RSL9zU5.34","action":"GetUpdates", "result":"DeleteReceived", "context":{"id":"b0e941ab-5ef4-4bb7-985a-8a00256fb6d4", "isDeleted:":"true", "version":"1699682731220"}}
{"logTime": "1114/045444", "correlationVector":"1lboOVmfAvxSGR7RSL9zU5.35","action":"GetUpdates", "result":"DeleteReceived", "context":{"id":"a1b5bb92-3eed-4fac-b080-d7a978b4e8db", "isDeleted:":"true", "version":"1699683125740"}}
{"logTime": "1114/045444", "correlationVector":"1lboOVmfAvxSGR7RSL9zU5.36","action":"GetUpdates", "result":"DeleteReceived", "context":{"id":"8f239caa-19de-4372-8ef5-67bf6cda2d67", "isDeleted:":"true", "version":"1699683306104"}}
{"logTime": "1114/045444", "correlationVector":"1lboOVmfAvxSGR7RSL9zU5.37","action":"GetUpdates", "result":"DeleteReceived", "context":{"id":"6e0cca13-bff7-4fba-b1fe-5d15f7e59d56", "isDeleted:":"true", "version":"1699684003164"}}
{"logTime": "1114/045444", "correlationVector":"1lboOVmfAvxSGR7RSL9zU5.38","action":"GetUpdates", "result":"DeleteReceived", "context":{"id":"58f165d6-39f2-4f20-a369-bf1b909f92d9", "isDeleted:":"true", "version":"1699684039451"}}
{"logTime": "1114/045444", "correlationVector":"1lboOVmfAvxSGR7RSL9zU5.39","action":"GetUpdates", "result":"DeleteReceived", "context":{"id":"9fbcb45a-248d-40cd-bf17-ebcac8ea1383", "isDeleted:":"true", "version":"1699684168578"}}
{"logTime": "1114/045444", "correlationVector":"1lboOVmfAvxSGR7RSL9zU5.40","action":"GetUpdates", "result":"DeleteReceived", "context":{"id":"f352ebe2-aceb-4ce8-a0bf-0a70e86c45b9", "isDeleted:":"true", "version":"1699685235207"}}
{"logTime": "1114/045444", "correlationVector":"1lboOVmfAvxSGR7RSL9zU5.41","action":"GetUpdates", "result":"DeleteReceived", "context":{"id":"207c5466-4a23-40f4-bfb2-c3193324d9bc", "isDeleted:":"true", "version":"1699685420433"}}
{"logTime": "1114/045444", "correlationVector":"1lboOVmfAvxSGR7RSL9zU5.42","action":"GetUpdates", "result":"DeleteReceived", "context":{"id":"57a74fc0-a141-4d49-8d48-83b713d6022f", "isDeleted:":"true", "version":"1699686100687"}}
{"logTime": "1114/045444", "correlationVector":"1lboOVmfAvxSGR7RSL9zU5.43","action":"GetUpdates", "result":"DeleteReceived", "context":{"id":"62f32690-6c82-4c3e-915c-6e4ffc7b924f", "isDeleted:":"true", "version":"1699686175611"}}
{"logTime": "1114/045444", "correlationVector":"1lboOVmfAvxSGR7RSL9zU5.44","action":"GetUpdates", "result":"DeleteReceived", "context":{"id":"c3ccede6-e14b-44f3-824d-8890fb41e534", "isDeleted:":"true", "version":"1699686596206"}}
{"logTime": "1114/045444", "correlationVector":"1lboOVmfAvxSGR7RSL9zU5.45","action":"GetUpdates", "result":"DeleteReceived", "context":{"id":"78d27604-9862-467a-8e69-646b9e7a461d", "isDeleted:":"true", "version":"1699686701382"}}
{"logTime": "1114/045444", "correlationVector":"1lboOVmfAvxSGR7RSL9zU5.46","action":"GetUpdates", "result":"DeleteReceived", "context":{"id":"c3e2dc15-fc06-41d1-b087-0e722def30f4", "isDeleted:":"true", "version":"1699686787475"}}
{"logTime": "1114/045444", "correlationVector":"1lboOVmfAvxSGR7RSL9zU5.47","action":"GetUpdates", "result":"DeleteReceived", "context":{"id":"2ca4e557-77bc-4697-b6a6-975003249c1b", "isDeleted:":"true", "version":"1699686912783"}}
{"logTime": "1114/045444", "correlationVector":"1lboOVmfAvxSGR7RSL9zU5.48","action":"GetUpdates", "result":"DeleteReceived", "context":{"id":"2f593698-079a-433d-8d1a-1a4119d09e8f", "isDeleted:":"true", "version":"1699687187135"}}
{"logTime": "1114/045444", "correlationVector":"1lboOVmfAvxSGR7RSL9zU5.49","action":"GetUpdates", "result":"DeleteReceived", "context":{"id":"fecaf3ef-d013-463a-9d8d-dcd73ee46f5e", "isDeleted:":"true", "version":"1699687282233"}}
{"logTime": "1114/045444", "correlationVector":"1lboOVmfAvxSGR7RSL9zU5.50","action":"GetUpdates", "result":"DeleteReceived", "context":{"id":"ce9814e0-002a-484e-9166-cc15eaf9c84e", "isDeleted:":"true", "version":"1699687622719"}}
{"logTime": "1114/045444", "correlationVector":"1lboOVmfAvxSGR7RSL9zU5.51","action":"GetUpdates", "result":"DeleteReceived", "context":{"id":"4b40856a-4347-4a0f-a045-7bad352dac33", "isDeleted:":"true", "version":"1699687703849"}}
{"logTime": "1114/045444", "correlationVector":"1lboOVmfAvxSGR7RSL9zU5.52","action":"GetUpdates", "result":"DeleteReceived", "context":{"id":"8dac2b41-6877-45f0-a88c-cfbf4e00891a", "isDeleted:":"true", "version":"1699687933016"}}
{"logTime": "1114/045444", "correlationVector":"1lboOVmfAvxSGR7RSL9zU5.53","action":"GetUpdates", "result":"DeleteReceived", "context":{"id":"8b8e9698-7e02-4079-9594-df9f89d8870d", "isDeleted:":"true", "version":"1699687975902"}}
{"logTime": "1114/045444", "correlationVector":"1lboOVmfAvxSGR7RSL9zU5.54","action":"GetUpdates", "result":"DeleteReceived", "context":{"id":"85548783-62a7-4af4-bc7b-96b0c3d21d28", "isDeleted:":"true", "version":"1699688109995"}}
{"logTime": "1114/045444", "correlationVector":"1lboOVmfAvxSGR7RSL9zU5.55","action":"GetUpdates", "result":"DeleteReceived", "context":{"id":"3c606001-ee1a-43f7-9d51-863fe1a00ef4", "isDeleted:":"true", "version":"1699688221216"}}
{"logTime": "1114/045444", "correlationVector":"1lboOVmfAvxSGR7RSL9zU5.56","action":"GetUpdates", "result":"DeleteReceived", "context":{"id":"86da25e6-347b-4962-85e4-e8566ebc8833", "isDeleted:":"true", "version":"1699688485550"}}
{"logTime": "1114/045444", "correlationVector":"1lboOVmfAvxSGR7RSL9zU5.57","action":"GetUpdates", "result":"DeleteReceived", "context":{"id":"e7daf16a-8746-43aa-a3da-0aab17e53576", "isDeleted:":"true", "version":"1699688530625"}}
{"logTime": "1114/045444", "correlationVector":"1lboOVmfAvxSGR7RSL9zU5.58","action":"GetUpdates", "result":"DeleteReceived", "context":{"id":"eb4eab63-4393-49b9-bcd4-7c2652f9fbd1", "isDeleted:":"true", "version":"1699688862862"}}
{"logTime": "1114/045444", "correlationVector":"1lboOVmfAvxSGR7RSL9zU5.59","action":"GetUpdates", "result":"DeleteReceived", "context":{"id":"c412f2e1-b4b3-44e0-8e19-cd3eedb2bf0c", "isDeleted:":"true", "version":"1699688967039"}}
{"logTime": "1114/045444", "correlationVector":"1lboOVmfAvxSGR7RSL9zU5.60","action":"GetUpdates", "result":"DeleteReceived", "context":{"id":"6c4ed9f8-232b-409a-9a61-cba8b63ef93e", "isDeleted:":"true", "version":"1699688967040"}}
{"logTime": "1114/045444", "correlationVector":"1lboOVmfAvxSGR7RSL9zU5.61","action":"GetUpdates", "result":"DeleteReceived", "context":{"id":"1c1a4ddb-5ee9-4edc-8bad-2ad6828961fa", "isDeleted:":"true", "version":"1699689187145"}}
{"logTime": "1114/045444", "correlationVector":"1lboOVmfAvxSGR7RSL9zU5.62","action":"GetUpdates", "result":"DeleteReceived", "context":{"id":"22febb36-8776-46f9-bbed-3b1078ae90fd", "isDeleted:":"true", "version":"1699689518599"}}
{"logTime": "1114/045444", "correlationVector":"1lboOVmfAvxSGR7RSL9zU5.63","action":"GetUpdates", "result":"DeleteReceived", "context":{"id":"75c0d179-1ce8-4a49-852d-f0ef11c9b1fd", "isDeleted:":"true", "version":"1699689518600"}}
{"logTime": "1114/045444", "correlationVector":"1lboOVmfAvxSGR7RSL9zU5.64","action":"GetUpdates", "result":"DeleteReceived", "context":{"id":"c19f9924-e902-4859-9f96-8e41ca1a373c", "isDeleted:":"true", "version":"1699690019863"}}
{"logTime": "1114/045444", "correlationVector":"1lboOVmfAvxSGR7RSL9zU5.65","action":"GetUpdates", "result":"DeleteReceived", "context":{"id":"f4c1cc5f-469c-4e4a-b153-81e613261564", "isDeleted:":"true", "version":"1699690484102"}}
{"logTime": "1114/045444", "correlationVector":"1lboOVmfAvxSGR7RSL9zU5.66","action":"GetUpdates", "result":"DeleteReceived", "context":{"id":"36ec3a57-2306-4970-b2fb-4b940b90f01d", "isDeleted:":"true", "version":"1699690519321"}}
{"logTime": "1114/045444", "correlationVector":"1lboOVmfAvxSGR7RSL9zU5.67","action":"GetUpdates", "result":"DeleteReceived", "context":{"id":"b4a0ada3-2742-4ef0-9907-97e1bd6d588c", "isDeleted:":"true", "version":"1699690760603"}}
{"logTime": "1114/045444", "correlationVector":"1lboOVmfAvxSGR7RSL9zU5.68","action":"GetUpdates", "result":"DeleteReceived", "context":{"id":"3a2be1de-4d6a-4f07-8269-c46453bc5518", "isDeleted:":"true", "version":"1699691050066"}}
{"logTime": "1114/045444", "correlationVector":"1lboOVmfAvxSGR7RSL9zU5.69","action":"GetUpdates", "result":"DeleteReceived", "context":{"id":"bf42b194-fa36-4f0e-bcdd-451887a08740", "isDeleted:":"true", "version":"1699691050067"}}
{"logTime": "1114/045444", "correlationVector":"1lboOVmfAvxSGR7RSL9zU5.70","action":"GetUpdates", "result":"DeleteReceived", "context":{"id":"6870d659-e833-4116-b35e-da9aed1dac1b", "isDeleted:":"true", "version":"1699691120466"}}
{"logTime": "1114/045444", "correlationVector":"1lboOVmfAvxSGR7RSL9zU5.71","action":"GetUpdates", "result":"DeleteReceived", "context":{"id":"29e604a0-3342-4987-8bfc-c571a8c3e081", "isDeleted:":"true", "version":"1699691240467"}}
{"logTime": "1114/045444", "correlationVector":"1lboOVmfAvxSGR7RSL9zU5.72","action":"GetUpdates", "result":"DeleteReceived", "context":{"id":"8e53a7b4-2a93-42ad-9ad4-9c53a5373750", "isDeleted:":"true", "version":"1699691394360"}}
{"logTime": "1114/045444", "correlationVector":"1lboOVmfAvxSGR7RSL9zU5.73","action":"GetUpdates", "result":"DeleteReceived", "context":{"id":"c2be9ebe-35bd-4add-a382-992fb5b71994", "isDeleted:":"true", "version":"1699691432582"}}
{"logTime": "1114/045444", "correlationVector":"1lboOVmfAvxSGR7RSL9zU5.74","action":"GetUpdates", "result":"DeleteReceived", "context":{"id":"5727ec10-c2ed-4539-ada1-26e1f3151114", "isDeleted:":"true", "version":"1699692142294"}}
{"logTime": "1114/045444", "correlationVector":"1lboOVmfAvxSGR7RSL9zU5.75","action":"GetUpdates", "result":"DeleteReceived", "context":{"id":"84b596fe-91e1-4c3c-9e05-330ada014a13", "isDeleted:":"true", "version":"1699692203692"}}
{"logTime": "1114/045444", "correlationVector":"1lboOVmfAvxSGR7RSL9zU5.76","action":"GetUpdates", "result":"DeleteReceived", "context":{"id":"5baaff86-3f9e-4678-848a-ba3fdb80351a", "isDeleted:":"true", "version":"1699692392805"}}
{"logTime": "1114/045444", "correlationVector":"1lboOVmfAvxSGR7RSL9zU5.77","action":"GetUpdates", "result":"DeleteReceived", "context":{"id":"78da4600-1491-420b-897e-4116cc3855ca", "isDeleted:":"true", "version":"1699693045056"}}
{"logTime": "1114/045444", "correlationVector":"1lboOVmfAvxSGR7RSL9zU5.78","action":"GetUpdates", "result":"DeleteReceived", "context":{"id":"9dc253e9-8836-4508-977a-2ecc01eb6ab0", "isDeleted:":"true", "version":"1699693636145"}}
{"logTime": "1114/045444", "correlationVector":"1lboOVmfAvxSGR7RSL9zU5.79","action":"GetUpdates", "result":"DeleteReceived", "context":{"id":"c014017d-2c21-4550-aeca-28e1efcc045c", "isDeleted:":"true", "version":"1699693931679"}}
{"logTime": "1114/045444", "correlationVector":"1lboOVmfAvxSGR7RSL9zU5.80","action":"GetUpdates", "result":"DeleteReceived", "context":{"id":"66af8236-ddcb-46ba-bcf6-455c78986dea", "isDeleted:":"true", "version":"1699694257783"}}
{"logTime": "1114/045444", "correlationVector":"1lboOVmfAvxSGR7RSL9zU5.81","action":"GetUpdates", "result":"DeleteReceived", "context":{"id":"a874ad59-16e9-4260-9168-e5828f053404", "isDeleted:":"true", "version":"1699694288355"}}
{"logTime": "1114/045444", "correlationVector":"1lboOVmfAvxSGR7RSL9zU5.82","action":"GetUpdates", "result":"DeleteReceived", "context":{"id":"d4a82be1-dc0b-494a-bb99-64653dd5a597", "isDeleted:":"true", "version":"1699694439114"}}
{"logTime": "1114/045444", "correlationVector":"1lboOVmfAvxSGR7RSL9zU5.83","action":"GetUpdates", "result":"DeleteReceived", "context":{"id":"f44eaa10-79c6-4f60-b893-3db338944368", "isDeleted:":"true", "version":"1699694506851"}}
{"logTime": "1114/045444", "correlationVector":"1lboOVmfAvxSGR7RSL9zU5.84","action":"GetUpdates", "result":"DeleteReceived", "context":{"id":"c787cefc-a702-4d8a-960f-c490f53c0315", "isDeleted:":"true", "version":"1699694633201"}}
{"logTime": "1114/045444", "correlationVector":"1lboOVmfAvxSGR7RSL9zU5.85","action":"GetUpdates", "result":"DeleteReceived", "context":{"id":"90ee6098-e195-4946-8a1c-918f95e3bbe8", "isDeleted:":"true", "version":"1699695778962"}}
{"logTime": "1114/045444", "correlationVector":"1lboOVmfAvxSGR7RSL9zU5.86","action":"GetUpdates", "result":"DeleteReceived", "context":{"id":"9b70cd14-9441-43ca-a63c-a631182bc2da", "isDeleted:":"true", "version":"1699697925746"}}
{"logTime": "1114/045444", "correlationVector":"1lboOVmfAvxSGR7RSL9zU5.87","action":"GetUpdates", "result":"DeleteReceived", "context":{"id":"74bb5988-4c22-4b86-b514-524ffffc4946", "isDeleted:":"true", "version":"1699698336360"}}
{"logTime": "1114/045444", "correlationVector":"1lboOVmfAvxSGR7RSL9zU5.88","action":"GetUpdates", "result":"DeleteReceived", "context":{"id":"6aa4e95d-3b1f-41e2-ba84-837d67d14be5", "isDeleted:":"true", "version":"1699698522410"}}
{"logTime": "1114/045444", "correlationVector":"1lboOVmfAvxSGR7RSL9zU5.89","action":"GetUpdates", "result":"DeleteReceived", "context":{"id":"3cdca7e0-e76f-4951-b5d3-d2921fbb0e80", "isDeleted:":"true", "version":"1699699067984"}}
{"logTime": "1114/045444", "correlationVector":"1lboOVmfAvxSGR7RSL9zU5.90","action":"GetUpdates", "result":"DeleteReceived", "context":{"id":"36fb6dd3-549b-4009-b126-64ce8a0de739", "isDeleted:":"true", "version":"1699699659477"}}
{"logTime": "1114/045444", "correlationVector":"1lboOVmfAvxSGR7RSL9zU5.91","action":"GetUpdates", "result":"DeleteReceived", "context":{"id":"83dea1b9-e266-471b-a1df-697f96297cac", "isDeleted:":"true", "version":"1699700386906"}}
{"logTime": "1114/045444", "correlationVector":"1lboOVmfAvxSGR7RSL9zU5.92","action":"GetUpdates", "result":"DeleteReceived", "context":{"id":"6b978a6e-b377-4e1e-9326-e1db35ae9ad6", "isDeleted:":"true", "version":"1699700562145"}}
{"logTime": "1114/045444", "correlationVector":"1lboOVmfAvxSGR7RSL9zU5.93","action":"GetUpdates", "result":"DeleteReceived", "context":{"id":"7a428905-1001-4541-92b4-98ef24d31de7", "isDeleted:":"true", "version":"1699701034780"}}
{"logTime": "1114/045444", "correlationVector":"1lboOVmfAvxSGR7RSL9zU5.94","action":"GetUpdates", "result":"DeleteReceived", "context":{"id":"74c57cdb-b863-49ac-8e84-12a4f7ccba4c", "isDeleted:":"true", "version":"1699701034781"}}
{"logTime": "1114/045444", "correlationVector":"1lboOVmfAvxSGR7RSL9zU5.95","action":"GetUpdates", "result":"DeleteReceived", "context":{"id":"b8de7fc3-36f9-4eb7-88fc-0758aa98b474", "isDeleted:":"true", "version":"1699701193599"}}
{"logTime": "1114/045444", "correlationVector":"1lboOVmfAvxSGR7RSL9zU5.96","action":"GetUpdates", "result":"DeleteReceived", "context":{"id":"47a25ff3-e45e-4503-97bb-c9612d239427", "isDeleted:":"true", "version":"1699701522719"}}
{"logTime": "1114/045444", "correlationVector":"1lboOVmfAvxSGR7RSL9zU5.97","action":"GetUpdates", "result":"DeleteReceived", "context":{"id":"086e19e7-b4f7-4367-a8c9-f75c2c47d8e2", "isDeleted:":"true", "version":"1699701522720"}}
{"logTime": "1114/045444", "correlationVector":"1lboOVmfAvxSGR7RSL9zU5.98","action":"GetUpdates", "result":"DeleteReceived", "context":{"id":"cc504b0a-abac-420f-83d6-df06a3c74c2e", "isDeleted:":"true", "version":"1699701905500"}}
{"logTime": "1114/045444", "correlationVector":"1lboOVmfAvxSGR7RSL9zU5.99","action":"GetUpdates", "result":"DeleteReceived", "context":{"id":"194607e5-6d1b-491d-bd4c-af3846fe13b7", "isDeleted:":"true", "version":"1699701905501"}}
{"logTime": "1114/045444", "correlationVector":"1lboOVmfAvxSGR7RSL9zU5.100","action":"GetUpdates", "result":"DeleteReceived", "context":{"id":"5d469d51-da4b-4ab9-accd-6362193c30c6", "isDeleted:":"true", "version":"1699702209730"}}
{"logTime": "1114/045444", "correlationVector":"1lboOVmfAvxSGR7RSL9zU5.101","action":"GetUpdates", "result":"DeleteReceived", "context":{"id":"229c33ff-5477-4045-b6ea-7bb165713869", "isDeleted:":"true", "version":"1699702471627"}}
{"logTime": "1114/045444", "correlationVector":"1lboOVmfAvxSGR7RSL9zU5.102","action":"GetUpdates", "result":"DeleteReceived", "context":{"id":"0da339ce-5bde-4697-8928-ca598c94a470", "isDeleted:":"true", "version":"1699702471628"}}
{"logTime": "1114/045444", "correlationVector":"1lboOVmfAvxSGR7RSL9zU5.103","action":"GetUpdates", "result":"DeleteReceived", "context":{"id":"c3ea6d0f-2024-4fd7-b85d-fd320ea53811", "isDeleted:":"true", "version":"1699702756971"}}
{"logTime": "1114/045444", "correlationVector":"1lboOVmfAvxSGR7RSL9zU5.104","action":"GetUpdates", "result":"DeleteReceived", "context":{"id":"a7dee5e1-e1f6-42b1-9142-d3d0bfead369", "isDeleted:":"true", "version":"1699702756972"}}
{"logTime": "1114/045444", "correlationVector":"1lboOVmfAvxSGR7RSL9zU5.105","action":"GetUpdates", "result":"DeleteReceived", "context":{"id":"cf067322-10ff-4743-9e2b-ec5726025dc8", "isDeleted:":"true", "version":"1699703080844"}}
{"logTime": "1114/045444", "correlationVector":"1lboOVmfAvxSGR7RSL9zU5.106","action":"GetUpdates", "result":"DeleteReceived", "context":{"id":"f9e67248-fd18-48de-91d5-4e497193b0ff", "isDeleted:":"true", "version":"1699703080845"}}
{"logTime": "1114/045444", "correlationVector":"1lboOVmfAvxSGR7RSL9zU5.107","action":"GetUpdates", "result":"DeleteReceived", "context":{"id":"c3e0a556-001e-491a-a154-c212695d01ba", "isDeleted:":"true", "version":"1699703374549"}}
{"logTime": "1114/045444", "correlationVector":"1lboOVmfAvxSGR7RSL9zU5.108","action":"GetUpdates", "result":"DeleteReceived", "context":{"id":"da473f33-530b-4706-aebb-09354cbf001b", "isDeleted:":"true", "version":"1699703374550"}}
{"logTime": "1114/045444", "correlationVector":"1lboOVmfAvxSGR7RSL9zU5.109","action":"GetUpdates", "result":"DeleteReceived", "context":{"id":"56dd6d72-baf3-4a82-8492-768a97471915", "isDeleted:":"true", "version":"1699703941983"}}
{"logTime": "1114/045444", "correlationVector":"1lboOVmfAvxSGR7RSL9zU5.110","action":"GetUpdates", "result":"DeleteReceived", "context":{"id":"142b3faf-172e-44b3-9d1d-6904900f17f9", "isDeleted:":"true", "version":"1699703990902"}}
{"logTime": "1114/045444", "correlationVector":"1lboOVmfAvxSGR7RSL9zU5.111","action":"GetUpdates", "result":"DeleteReceived", "context":{"id":"9cd7985b-e4dc-41b9-87bd-a21fab2bb8e3", "isDeleted:":"true", "version":"1699703990903"}}
{"logTime": "1114/045444", "correlationVector":"1lboOVmfAvxSGR7RSL9zU5.112","action":"GetUpdates", "result":"DeleteReceived", "context":{"id":"35ef6c17-593c-4c4f-8f95-e368ce10b683", "isDeleted:":"true", "version":"1699704457520"}}
{"logTime": "1114/045444", "correlationVector":"1lboOVmfAvxSGR7RSL9zU5.113","action":"GetUpdates", "result":"DeleteReceived", "context":{"id":"510ec70c-8e42-4d4c-9ed2-f6d076df6b2e", "isDeleted:":"true", "version":"1699704523612"}}
{"logTime": "1114/045444", "correlationVector":"1lboOVmfAvxSGR7RSL9zU5.114","action":"GetUpdates", "result":"DeleteReceived", "context":{"id":"43add23c-0374-4cf3-ae4f-48cc05ac1c76", "isDeleted:":"true", "version":"1699704523613"}}
{"logTime": "1114/045444", "correlationVector":"1lboOVmfAvxSGR7RSL9zU5.115","action":"GetUpdates", "result":"DeleteReceived", "context":{"id":"bbece530-a5d7-4fb2-bc0f-c2dda2f96711", "isDeleted:":"true", "version":"1699704869194"}}
{"logTime": "1114/045444", "correlationVector":"1lboOVmfAvxSGR7RSL9zU5.116","action":"GetUpdates", "result":"DeleteReceived", "context":{"id":"4d128b42-415d-4837-9786-72cb681c505f", "isDeleted:":"true", "version":"1699704919169"}}
{"logTime": "1114/045444", "correlationVector":"1lboOVmfAvxSGR7RSL9zU5.117","action":"GetUpdates", "result":"DeleteReceived", "context":{"id":"9c6c7e04-5348-482e-bac5-03df7608e37e", "isDeleted:":"true", "version":"1699704919170"}}
{"logTime": "1114/045444", "correlationVector":"1lboOVmfAvxSGR7RSL9zU5.118","action":"GetUpdates", "result":"DeleteReceived", "context":{"id":"f54fe786-87b8-4882-856d-83f2fe3f82c9", "isDeleted:":"true", "version":"1699704988647"}}
{"logTime": "1114/045444", "correlationVector":"1lboOVmfAvxSGR7RSL9zU5.119","action":"GetUpdates", "result":"DeleteReceived", "context":{"id":"9f07b24a-9d1b-4da3-b06c-8412e16a4c43", "isDeleted:":"true", "version":"1699705020406"}}
{"logTime": "1114/045444", "correlationVector":"1lboOVmfAvxSGR7RSL9zU5.120","action":"GetUpdates", "result":"DeleteReceived", "context":{"id":"a2027dbc-0bc6-4a20-87fa-e87a07561947", "isDeleted:":"true", "version":"1699705020407"}}
{"logTime": "1114/045444", "correlationVector":"1lboOVmfAvxSGR7RSL9zU5.121","action":"GetUpdates", "result":"DeleteReceived", "context":{"id":"c5913bc8-36b8-4b9e-a4b6-4bfd53c98f1f", "isDeleted:":"true", "version":"1699705165742"}}
{"logTime": "1114/045444", "correlationVector":"1lboOVmfAvxSGR7RSL9zU5.122","action":"GetUpdates", "result":"DeleteReceived", "context":{"id":"4ebf2268-2da4-4295-8c61-f597138a5eb4", "isDeleted:":"true", "version":"1699705197797"}}
{"logTime": "1114/045444", "correlationVector":"1lboOVmfAvxSGR7RSL9zU5.123","action":"GetUpdates", "result":"DeleteReceived", "context":{"id":"ea444831-5c47-4cc4-8f2b-17c7f625cd18", "isDeleted:":"true", "version":"1699705197798"}}
{"logTime": "1114/045444", "correlationVector":"1lboOVmfAvxSGR7RSL9zU5.124","action":"GetUpdates", "result":"DeleteReceived", "context":{"id":"5ae82a6b-cb46-4b02-b5b4-b18559c27613", "isDeleted:":"true", "version":"1699705364032"}}
{"logTime": "1114/045444", "correlationVector":"1lboOVmfAvxSGR7RSL9zU5.125","action":"GetUpdates", "result":"DeleteReceived", "context":{"id":"5386bbdc-3156-4c79-ae4f-bf42fce1da4b", "isDeleted:":"true", "version":"1699705364033"}}
{"logTime": "1114/045444", "correlationVector":"1lboOVmfAvxSGR7RSL9zU5.126","action":"GetUpdates", "result":"DeleteReceived", "context":{"id":"641eb6df-24c3-4dc2-ae2c-743520a07428", "isDeleted:":"true", "version":"1699705364034"}}
{"logTime": "1114/045444", "correlationVector":"1lboOVmfAvxSGR7RSL9zU5.127","action":"GetUpdates", "result":"DeleteReceived", "context":{"id":"9b8143db-5a69-4c70-8405-f2e1d31eedf4", "isDeleted:":"true", "version":"1699705471128"}}
{"logTime": "1114/045444", "correlationVector":"1lboOVmfAvxSGR7RSL9zU5.128","action":"GetUpdates", "result":"DeleteReceived", "context":{"id":"fbe44b73-bd09-467b-b63b-6ef131e0f4e5", "isDeleted:":"true", "version":"1699705471129"}}
{"logTime": "1114/045444", "correlationVector":"1lboOVmfAvxSGR7RSL9zU5.129","action":"GetUpdates", "result":"DeleteReceived", "context":{"id":"57a89863-4f1d-47c6-ac49-009ffde030ff", "isDeleted:":"true", "version":"1699705471130"}}
{"logTime": "1114/045444", "correlationVector":"1lboOVmfAvxSGR7RSL9zU5.130","action":"GetUpdates", "result":"DeleteReceived", "context":{"id":"b9a0292c-442c-4ed0-b155-1dc23fb41e0e", "isDeleted:":"true", "version":"1699705690675"}}
{"logTime": "1114/045444", "correlationVector":"1lboOVmfAvxSGR7RSL9zU5.131","action":"GetUpdates", "result":"DeleteReceived", "context":{"id":"c809beef-d037-45a5-826d-2ae5114eee0d", "isDeleted:":"true", "version":"1699705690676"}}
{"logTime": "1114/045444", "correlationVector":"1lboOVmfAvxSGR7RSL9zU5.132","action":"GetUpdates", "result":"DeleteReceived", "context":{"id":"0352cbef-0726-4aae-b9d7-5727a000caec", "isDeleted:":"true", "version":"1699705690677"}}
{"logTime": "1114/045444", "correlationVector":"1lboOVmfAvxSGR7RSL9zU5.133","action":"GetUpdates", "result":"DeleteReceived", "context":{"id":"81199db8-be86-47a5-885c-c99ba711cc58", "isDeleted:":"true", "version":"1699705763114"}}
{"logTime": "1114/045444", "correlationVector":"1lboOVmfAvxSGR7RSL9zU5.134","action":"GetUpdates", "result":"DeleteReceived", "context":{"id":"26399bbe-e0b1-4468-889b-23970c48b87e", "isDeleted:":"true", "version":"1699705763115"}}
{"logTime": "1114/045444", "correlationVector":"1lboOVmfAvxSGR7RSL9zU5.135","action":"GetUpdates", "result":"DeleteReceived", "context":{"id":"f4f38b24-7326-4c90-95ba-aade65a87d29", "isDeleted:":"true", "version":"1699705835596"}}
{"logTime": "1114/045444", "correlationVector":"1lboOVmfAvxSGR7RSL9zU5.136","action":"GetUpdates", "result":"DeleteReceived", "context":{"id":"e745c0d9-29ca-4a8e-a6a5-65411ad000aa", "isDeleted:":"true", "version":"1699706188558"}}
{"logTime": "1114/045444", "correlationVector":"1lboOVmfAvxSGR7RSL9zU5.137","action":"GetUpdates", "result":"DeleteReceived", "context":{"id":"c2f83c9e-c2d4-4456-a3f7-5256396490e8", "isDeleted:":"true", "version":"1699706188559"}}
{"logTime": "1114/045444", "correlationVector":"1lboOVmfAvxSGR7RSL9zU5.138","action":"GetUpdates", "result":"DeleteReceived", "context":{"id":"3093778e-724b-4b79-83f7-369a11d5d068", "isDeleted:":"true", "version":"1699706286326"}}
{"logTime": "1114/045444", "correlationVector":"1lboOVmfAvxSGR7RSL9zU5.139","action":"GetUpdates", "result":"DeleteReceived", "context":{"id":"45556055-eb2b-4764-9836-61cd100895cf", "isDeleted:":"true", "version":"1699706659077"}}
{"logTime": "1114/045444", "correlationVector":"1lboOVmfAvxSGR7RSL9zU5.140","action":"GetUpdates", "result":"DeleteReceived", "context":{"id":"580ea71c-524e-4665-9096-9555e7e83366", "isDeleted:":"true", "version":"1699706659078"}}
{"logTime": "1114/045444", "correlationVector":"1lboOVmfAvxSGR7RSL9zU5.141","action":"GetUpdates", "result":"DeleteReceived", "context":{"id":"7aa8570d-9c45-4ee8-8908-0a0162b284de", "isDeleted:":"true", "version":"1699706659079"}}
{"logTime": "1114/045444", "correlationVector":"1lboOVmfAvxSGR7RSL9zU5.142","action":"GetUpdates", "result":"DeleteReceived", "context":{"id":"9df2f900-2cb6-41be-bbfc-e3f6b59a8dde", "isDeleted:":"true", "version":"1699706975532"}}
{"logTime": "1114/045444", "correlationVector":"1lboOVmfAvxSGR7RSL9zU5.143","action":"GetUpdates", "result":"DeleteReceived", "context":{"id":"d5c11c97-a9c2-4859-b1d2-361ffcc2eae0", "isDeleted:":"true", "version":"1699706975533"}}
{"logTime": "1114/045444", "correlationVector":"1lboOVmfAvxSGR7RSL9zU5.144","action":"GetUpdates", "result":"DeleteReceived", "context":{"id":"1bc5af33-c53a-4c09-a7d9-dfe6fb72370a", "isDeleted:":"true", "version":"1699706975534"}}
{"logTime": "1114/045444", "correlationVector":"1lboOVmfAvxSGR7RSL9zU5.145","action":"GetUpdates", "result":"DeleteReceived", "context":{"id":"7a6c8d9b-2da0-4f1f-9b59-1edf137233f6", "isDeleted:":"true", "version":"1699707651926"}}
{"logTime": "1114/045444", "correlationVector":"1lboOVmfAvxSGR7RSL9zU5.146","action":"GetUpdates", "result":"DeleteReceived", "context":{"id":"e203d04f-732e-4a92-aacb-4fe8d2a8f358", "isDeleted:":"true", "version":"1699707926380"}}
{"logTime": "1114/045444", "correlationVector":"1lboOVmfAvxSGR7RSL9zU5.147","action":"GetUpdates", "result":"DeleteReceived", "context":{"id":"5553f506-db2f-4c9e-a2b5-a48550b57904", "isDeleted:":"true", "version":"1699707926381"}}
{"logTime": "1114/045444", "correlationVector":"1lboOVmfAvxSGR7RSL9zU5.148","action":"GetUpdates", "result":"DeleteReceived", "context":{"id":"e0162aea-33e8-4b0b-8175-d582285df2b2", "isDeleted:":"true", "version":"1699707926382"}}
{"logTime": "1114/045444", "correlationVector":"1lboOVmfAvxSGR7RSL9zU5.149","action":"GetUpdates", "result":"DeleteReceived", "context":{"id":"c8404c12-a209-4f1f-adf1-039ff19b2eb8", "isDeleted:":"true", "version":"1699708492696"}}
{"logTime": "1114/045444", "correlationVector":"1lboOVmfAvxSGR7RSL9zU5.150","action":"GetUpdates", "result":"DeleteReceived", "context":{"id":"61c61769-c72b-448d-9bbb-7b69cb97cffe", "isDeleted:":"true", "version":"1699708492697"}}
{"logTime": "1114/045444", "correlationVector":"1lboOVmfAvxSGR7RSL9zU5.151","action":"GetUpdates", "result":"DeleteReceived", "context":{"id":"ac0a2c60-9f7e-4488-bb0a-f7209629480c", "isDeleted:":"true", "version":"1699708492698"}}
{"logTime": "1114/045444", "correlationVector":"1lboOVmfAvxSGR7RSL9zU5.152","action":"GetUpdates", "result":"DeleteReceived", "context":{"id":"9cf8e6a4-0781-496f-aa22-d7ee08b9f21f", "isDeleted:":"true", "version":"1699708857833"}}
{"logTime": "1114/045444", "correlationVector":"1lboOVmfAvxSGR7RSL9zU5.153","action":"GetUpdates", "result":"DeleteReceived", "context":{"id":"db97d6dc-2382-40c7-a5cf-4d47b25e1279", "isDeleted:":"true", "version":"1699708857834"}}
{"logTime": "1114/045444", "correlationVector":"1lboOVmfAvxSGR7RSL9zU5.154","action":"GetUpdates", "result":"DeleteReceived", "context":{"id":"e74a4aa4-909d-48b8-acdc-07f39e9e55e8", "isDeleted:":"true", "version":"1699708857835"}}
{"logTime": "1114/045444", "correlationVector":"1lboOVmfAvxSGR7RSL9zU5.155","action":"GetUpdates", "result":"DeleteReceived", "context":{"id":"01eee35d-4505-48b7-abd8-07ba882fae72", "isDeleted:":"true", "version":"1699709046610"}}
{"logTime": "1114/045444", "correlationVector":"1lboOVmfAvxSGR7RSL9zU5.156","action":"GetUpdates", "result":"DeleteReceived", "context":{"id":"98187549-4f3b-40dc-ac43-d0f3e2e2d708", "isDeleted:":"true", "version":"1699709046611"}}
{"logTime": "1114/045444", "correlationVector":"1lboOVmfAvxSGR7RSL9zU5.157","action":"GetUpdates", "result":"DeleteReceived", "context":{"id":"c2998a7b-498c-484c-8caa-8737d4a36feb", "isDeleted:":"true", "version":"1699709046612"}}
{"logTime": "1114/045444", "correlationVector":"1lboOVmfAvxSGR7RSL9zU5.158","action":"GetUpdates", "result":"DeleteReceived", "context":{"id":"eb24e37e-e6bc-4653-ba6c-6764eef83f64", "isDeleted:":"true", "version":"1699709509603"}}
{"logTime": "1114/045444", "correlationVector":"1lboOVmfAvxSGR7RSL9zU5.159","action":"GetUpdates", "result":"DeleteReceived", "context":{"id":"cea09d0f-73bd-4586-8ae8-625288d44abc", "isDeleted:":"true", "version":"1699711070333"}}
{"logTime": "1114/045444", "correlationVector":"1lboOVmfAvxSGR7RSL9zU5.160","action":"GetUpdates", "result":"DeleteReceived", "context":{"id":"db49a963-b359-4c53-8171-98be4e816d37", "isDeleted:":"true", "version":"1699711070334"}}
{"logTime": "1114/045444", "correlationVector":"1lboOVmfAvxSGR7RSL9zU5.161","action":"GetUpdates", "result":"DeleteReceived", "context":{"id":"e222da59-29e5-4d8d-b27c-325837bdcecd", "isDeleted:":"true", "version":"1699711070335"}}
{"logTime": "1114/045444", "correlationVector":"1lboOVmfAvxSGR7RSL9zU5.162","action":"GetUpdates", "result":"DeleteReceived", "context":{"id":"33711216-a22c-4d00-9d6f-8229a15f5484", "isDeleted:":"true", "version":"1699711220729"}}
{"logTime": "1114/045444", "correlationVector":"1lboOVmfAvxSGR7RSL9zU5.163","action":"GetUpdates", "result":"DeleteReceived", "context":{"id":"7fecc8e1-cead-48b9-befa-7d19d9be1386", "isDeleted:":"true", "version":"1699711220730"}}
{"logTime": "1114/045444", "correlationVector":"1lboOVmfAvxSGR7RSL9zU5.164","action":"GetUpdates", "result":"DeleteReceived", "context":{"id":"887b0737-6ba1-4890-9418-71b3acbf9821", "isDeleted:":"true", "version":"1699711220731"}}
{"logTime": "1114/045444", "correlationVector":"1lboOVmfAvxSGR7RSL9zU5.165","action":"GetUpdates", "result":"DeleteReceived", "context":{"id":"7536b23e-f6fb-46dc-a7a0-4d916567a7ab", "isDeleted:":"true", "version":"1699711485944"}}
{"logTime": "1114/045444", "correlationVector":"1lboOVmfAvxSGR7RSL9zU5.166","action":"GetUpdates", "result":"DeleteReceived", "context":{"id":"9f8b3ef8-fe4a-43d1-91ab-1fb3a60a0090", "isDeleted:":"true", "version":"1699711485945"}}
{"logTime": "1114/045444", "correlationVector":"1lboOVmfAvxSGR7RSL9zU5.167","action":"GetUpdates", "result":"DeleteReceived", "context":{"id":"9b52d7db-b08f-400d-ba81-d22f97e8b305", "isDeleted:":"true", "version":"1699711485946"}}
{"logTime": "1114/045444", "correlationVector":"1lboOVmfAvxSGR7RSL9zU5.168","action":"GetUpdates", "result":"DeleteReceived", "context":{"id":"bce5a7e1-10d3-4b5e-88e4-643c0ddb30e3", "isDeleted:":"true", "version":"1699711557399"}}
{"logTime": "1114/045444", "correlationVector":"1lboOVmfAvxSGR7RSL9zU5.169","action":"GetUpdates", "result":"DeleteReceived", "context":{"id":"42db0a86-7f63-4631-9917-646087427861", "isDeleted:":"true", "version":"1699711635738"}}
{"logTime": "1114/045444", "correlationVector":"1lboOVmfAvxSGR7RSL9zU5.170","action":"GetUpdates", "result":"DeleteReceived", "context":{"id":"7328bce5-9890-4a39-8297-b3666f614b5e", "isDeleted:":"true", "version":"1699711635739"}}
{"logTime": "1114/045444", "correlationVector":"1lboOVmfAvxSGR7RSL9zU5.171","action":"GetUpdates", "result":"DeleteReceived", "context":{"id":"7171160b-2572-418f-9951-5010e2249030", "isDeleted:":"true", "version":"1699712095841"}}
{"logTime": "1114/045444", "correlationVector":"1lboOVmfAvxSGR7RSL9zU5.172","action":"GetUpdates", "result":"DeleteReceived", "context":{"id":"405d8f7e-c09f-415f-83be-dd1a2f516478", "isDeleted:":"true", "version":"1699712095842"}}
{"logTime": "1114/045444", "correlationVector":"1lboOVmfAvxSGR7RSL9zU5.173","action":"GetUpdates", "result":"DeleteReceived", "context":{"id":"ae371cbc-4ece-4ee2-8faa-654a68234f28", "isDeleted:":"true", "version":"1699712358558"}}
{"logTime": "1114/045444", "correlationVector":"1lboOVmfAvxSGR7RSL9zU5.174","action":"GetUpdates", "result":"DeleteReceived", "context":{"id":"4afe206d-c5ab-4c3c-b85f-1408699ae13e", "isDeleted:":"true", "version":"1699712358559"}}
{"logTime": "1114/045444", "correlationVector":"1lboOVmfAvxSGR7RSL9zU5.175","action":"GetUpdates", "result":"DeleteReceived", "context":{"id":"84b029b8-50d9-4f48-bdd6-2dfcf264dc90", "isDeleted:":"true", "version":"1699713290851"}}
{"logTime": "1114/045444", "correlationVector":"1lboOVmfAvxSGR7RSL9zU5.176","action":"GetUpdates", "result":"DeleteReceived", "context":{"id":"c8f740d1-e489-4908-9fbf-0cd11934cdc2", "isDeleted:":"true", "version":"1699713290852"}}
{"logTime": "1114/045444", "correlationVector":"1lboOVmfAvxSGR7RSL9zU5.177","action":"GetUpdates", "result":"DeleteReceived", "context":{"id":"192cbc08-4196-4b50-8bc9-8f519eb79d4c", "isDeleted:":"true", "version":"1699713907505"}}
{"logTime": "1114/045444", "correlationVector":"1lboOVmfAvxSGR7RSL9zU5.178","action":"GetUpdates", "result":"DeleteReceived", "context":{"id":"79ae13ec-3e9f-4104-a0ab-933b7a9915c3", "isDeleted:":"true", "version":"1699713907506"}}
{"logTime": "1114/045444", "correlationVector":"1lboOVmfAvxSGR7RSL9zU5.179","action":"GetUpdates", "result":"DeleteReceived", "context":{"id":"9a638600-8ca5-4b9d-82d6-a09e327e50bf", "isDeleted:":"true", "version":"1699714051662"}}
{"logTime": "1114/045444", "correlationVector":"1lboOVmfAvxSGR7RSL9zU5.180","action":"GetUpdates", "result":"DeleteReceived", "context":{"id":"0fc1f6d1-f673-4c8a-841b-6ad6cae3c106", "isDeleted:":"true", "version":"1699714051663"}}
{"logTime": "1114/045444", "correlationVector":"1lboOVmfAvxSGR7RSL9zU5.181","action":"GetUpdates", "result":"DeleteReceived", "context":{"id":"9da55c0a-bf4f-4d72-a152-bb5739622777", "isDeleted:":"true", "version":"1699714511628"}}
{"logTime": "1114/045444", "correlationVector":"1lboOVmfAvxSGR7RSL9zU5.182","action":"GetUpdates", "result":"DeleteReceived", "context":{"id":"b7ef17b7-0f1e-4663-b494-c7e0de5ef5ac", "isDeleted:":"true", "version":"1699714511629"}}
{"logTime": "1114/045444", "correlationVector":"1lboOVmfAvxSGR7RSL9zU5.183","action":"GetUpdates", "result":"DeleteReceived", "context":{"id":"cabaf11a-f0bd-4b0d-aac1-c5345d66f6cc", "isDeleted:":"true", "version":"1699714749506"}}
{"logTime": "1114/045444", "correlationVector":"1lboOVmfAvxSGR7RSL9zU5.184","action":"GetUpdates", "result":"DeleteReceived", "context":{"id":"fb2eb596-9cba-419c-b96b-a52971f3a504", "isDeleted:":"true", "version":"1699715094717"}}
{"logTime": "1114/045444", "correlationVector":"1lboOVmfAvxSGR7RSL9zU5.185","action":"GetUpdates", "result":"DeleteReceived", "context":{"id":"c5509949-3fc0-46ce-a30f-1da1123f7e64", "isDeleted:":"true", "version":"1699715094718"}}
{"logTime": "1114/045444", "correlationVector":"1lboOVmfAvxSGR7RSL9zU5.186","action":"GetUpdates", "result":"DeleteReceived", "context":{"id":"db4252e5-6ae5-4f5b-8dcd-3ca2f324a4f8", "isDeleted:":"true", "version":"1699715396736"}}
{"logTime": "1114/045444", "correlationVector":"1lboOVmfAvxSGR7RSL9zU5.187","action":"GetUpdates", "result":"DeleteReceived", "context":{"id":"a044fd85-0cec-48d4-9e88-1f76e7721ce6", "isDeleted:":"true", "version":"1699715396737"}}
{"logTime": "1114/045444", "correlationVector":"1lboOVmfAvxSGR7RSL9zU5.188","action":"GetUpdates", "result":"DeleteReceived", "context":{"id":"2667560e-de8e-4664-952e-3505a1c2273e", "isDeleted:":"true", "version":"1699715695982"}}
{"logTime": "1114/045444", "correlationVector":"1lboOVmfAvxSGR7RSL9zU5.189","action":"GetUpdates", "result":"DeleteReceived", "context":{"id":"bd143d59-82c8-4f5e-a356-b7aeb879fdec", "isDeleted:":"true", "version":"1699715695983"}}
{"logTime": "1114/045444", "correlationVector":"1lboOVmfAvxSGR7RSL9zU5.190","action":"GetUpdates", "result":"DeleteReceived", "context":{"id":"0059a233-02e2-40a3-97fd-4f5413b5c9d6", "isDeleted:":"true", "version":"1699716448851"}}
{"logTime": "1114/045444", "correlationVector":"1lboOVmfAvxSGR7RSL9zU5.191","action":"GetUpdates", "result":"DeleteReceived", "context":{"id":"53353fcd-40c7-4933-bd43-788782cb0487", "isDeleted:":"true", "version":"1699716448852"}}
{"logTime": "1114/045444", "correlationVector":"1lboOVmfAvxSGR7RSL9zU5.192","action":"GetUpdates", "result":"DeleteReceived", "context":{"id":"127f728b-3b46-4fe3-9450-f4ce0dba405b", "isDeleted:":"true", "version":"1699716724680"}}
{"logTime": "1114/045444", "correlationVector":"1lboOVmfAvxSGR7RSL9zU5.193","action":"GetUpdates", "result":"DeleteReceived", "context":{"id":"262bde0c-e099-4477-a62c-f80d7270f58d", "isDeleted:":"true", "version":"1699716724681"}}
{"logTime": "1114/045445", "correlationVector":"1lboOVmfAvxSGR7RSL9zU5.194","action":"GetUpdates", "result":"DeleteReceived", "context":{"id":"385665ae-7591-4283-bee5-cff3014f7af3", "isDeleted:":"true", "version":"1699716992664"}}
{"logTime": "1114/045445", "correlationVector":"1lboOVmfAvxSGR7RSL9zU5.195","action":"GetUpdates", "result":"DeleteReceived", "context":{"id":"90904b5f-a4e8-447b-b18b-ae7b2285a400", "isDeleted:":"true", "version":"1699717682541"}}
{"logTime": "1114/045445", "correlationVector":"1lboOVmfAvxSGR7RSL9zU5.196","action":"GetUpdates", "result":"DeleteReceived", "context":{"id":"32a5ca22-307a-4912-ab30-fa56711ef94a", "isDeleted:":"true", "version":"1699717837804"}}
{"logTime": "1114/045445", "correlationVector":"1lboOVmfAvxSGR7RSL9zU5.197","action":"GetUpdates", "result":"DeleteReceived", "context":{"id":"5f4270a0-5e3f-4132-acca-7308c532a80b", "isDeleted:":"true", "version":"1699718048214"}}
{"logTime": "1114/045445", "correlationVector":"1lboOVmfAvxSGR7RSL9zU5.198","action":"GetUpdates", "result":"DeleteReceived", "context":{"id":"b3900c03-e029-4f0e-bc9b-33dd20f4aee5", "isDeleted:":"true", "version":"1699718224504"}}
{"logTime": "1114/045445", "correlationVector":"1lboOVmfAvxSGR7RSL9zU5.199","action":"GetUpdates", "result":"DeleteReceived", "context":{"id":"ae54a345-4ef8-48e7-a0ce-d0c62123d2b1", "isDeleted:":"true", "version":"1699718419788"}}
{"logTime": "1114/045445", "correlationVector":"1lboOVmfAvxSGR7RSL9zU5.200","action":"GetUpdates", "result":"DeleteReceived", "context":{"id":"77e43940-1c0a-445f-8a29-b02251f2cd9a", "isDeleted:":"true", "version":"1699719088837"}}
{"logTime": "1114/045445", "correlationVector":"1lboOVmfAvxSGR7RSL9zU5.201","action":"GetUpdates", "result":"DeleteReceived", "context":{"id":"c2604ed4-0b6d-45e8-9766-190637f28792", "isDeleted:":"true", "version":"1699719174874"}}
{"logTime": "1114/045445", "correlationVector":"1lboOVmfAvxSGR7RSL9zU5.202","action":"GetUpdates", "result":"DeleteReceived", "context":{"id":"6865d137-a81e-46ec-96d3-517d39b58a99", "isDeleted:":"true", "version":"1699719546891"}}
{"logTime": "1114/045445", "correlationVector":"1lboOVmfAvxSGR7RSL9zU5.203","action":"GetUpdates", "result":"DeleteReceived", "context":{"id":"6750dd52-bb6c-4f5f-85f5-e3f87d70797d", "isDeleted:":"true", "version":"1699719546892"}}
{"logTime": "1114/045445", "correlationVector":"1lboOVmfAvxSGR7RSL9zU5.204","action":"GetUpdates", "result":"DeleteReceived", "context":{"id":"76266c29-978a-4fdb-a830-ccc8f9b2497e", "isDeleted:":"true", "version":"1699720052919"}}
{"logTime": "1114/045445", "correlationVector":"1lboOVmfAvxSGR7RSL9zU5.205","action":"GetUpdates", "result":"DeleteReceived", "context":{"id":"f65177bd-bff6-4b60-b11c-6f3ae2db1cf5", "isDeleted:":"true", "version":"1699720052920"}}
{"logTime": "1114/045445", "correlationVector":"1lboOVmfAvxSGR7RSL9zU5.206","action":"GetUpdates", "result":"DeleteReceived", "context":{"id":"b26f50c7-59dd-4339-a6ab-48bf826c2dc9", "isDeleted:":"true", "version":"1699720213108"}}
{"logTime": "1114/045445", "correlationVector":"1lboOVmfAvxSGR7RSL9zU5.207","action":"GetUpdates", "result":"DeleteReceived", "context":{"id":"e13e745f-6f18-48df-b3ae-810a2d11ae51", "isDeleted:":"true", "version":"1699720411952"}}
{"logTime": "1114/045445", "correlationVector":"1lboOVmfAvxSGR7RSL9zU5.208","action":"GetUpdates", "result":"DeleteReceived", "context":{"id":"a019eab5-dc52-4800-920e-e55b28d65534", "isDeleted:":"true", "version":"1699720411953"}}
{"logTime": "1114/045445", "correlationVector":"1lboOVmfAvxSGR7RSL9zU5.209","action":"GetUpdates", "result":"DeleteReceived", "context":{"id":"009650c6-6a8c-4c02-b943-34ef44f5db0c", "isDeleted:":"true", "version":"1699720513686"}}
{"logTime": "1114/045445", "correlationVector":"1lboOVmfAvxSGR7RSL9zU5.210","action":"GetUpdates", "result":"DeleteReceived", "context":{"id":"d68eacd2-061c-4b60-b19c-7e01070be5b2", "isDeleted:":"true", "version":"1699720513687"}}
{"logTime": "1114/045445", "correlationVector":"1lboOVmfAvxSGR7RSL9zU5.211","action":"GetUpdates", "result":"DeleteReceived", "context":{"id":"0e60e715-e075-468d-b486-6e9286cffd34", "isDeleted:":"true", "version":"1699720893265"}}
{"logTime": "1114/045445", "correlationVector":"1lboOVmfAvxSGR7RSL9zU5.212","action":"GetUpdates", "result":"DeleteReceived", "context":{"id":"e84de20c-df7a-44c0-bbe2-d30fdacd9fbe", "isDeleted:":"true", "version":"1699720949567"}}
{"logTime": "1114/045445", "correlationVector":"1lboOVmfAvxSGR7RSL9zU5.213","action":"GetUpdates", "result":"DeleteReceived", "context":{"id":"591ba0c0-3045-494f-af25-a54576704b2b", "isDeleted:":"true", "version":"1699721055195"}}
{"logTime": "1114/045445", "correlationVector":"1lboOVmfAvxSGR7RSL9zU5.214","action":"GetUpdates", "result":"DeleteReceived", "context":{"id":"7f98c2a5-9722-4788-b610-732ad2f9d3c6", "isDeleted:":"true", "version":"1699721055196"}}
{"logTime": "1114/045445", "correlationVector":"1lboOVmfAvxSGR7RSL9zU5.215","action":"GetUpdates", "result":"DeleteReceived", "context":{"id":"c41e06b0-96fb-4bae-aef1-d267f564d495", "isDeleted:":"true", "version":"1699721260558"}}
{"logTime": "1114/045445", "correlationVector":"1lboOVmfAvxSGR7RSL9zU5.216","action":"GetUpdates", "result":"DeleteReceived", "context":{"id":"91608d68-e56e-45f6-9cee-8392faeb3be8", "isDeleted:":"true", "version":"1699721260559"}}
{"logTime": "1114/045445", "correlationVector":"1lboOVmfAvxSGR7RSL9zU5.217","action":"GetUpdates", "result":"DeleteReceived", "context":{"id":"fbef1f18-e73e-4094-98a9-c8c03b9cee6e", "isDeleted:":"true", "version":"1699721777194"}}
{"logTime": "1114/045445", "correlationVector":"1lboOVmfAvxSGR7RSL9zU5.218","action":"GetUpdates", "result":"DeleteReceived", "context":{"id":"6943b13d-775b-47d7-8313-de8b7100aa2a", "isDeleted:":"true", "version":"1699721853525"}}
{"logTime": "1114/045445", "correlationVector":"1lboOVmfAvxSGR7RSL9zU5.219","action":"GetUpdates", "result":"DeleteReceived", "context":{"id":"8eb95221-a3c7-4031-9558-4eafebf1bc85", "isDeleted:":"true", "version":"1699723180092"}}
{"logTime": "1114/045445", "correlationVector":"1lboOVmfAvxSGR7RSL9zU5.220","action":"GetUpdates", "result":"DeleteReceived", "context":{"id":"770657b5-9697-4f1f-a62b-63bc16a78330", "isDeleted:":"true", "version":"1699723180093"}}
{"logTime": "1114/045445", "correlationVector":"1lboOVmfAvxSGR7RSL9zU5.221","action":"GetUpdates", "result":"DeleteReceived", "context":{"id":"4b810921-8b4b-4532-a7ee-521e325c5c9c", "isDeleted:":"true", "version":"1699723424338"}}
{"logTime": "1114/045445", "correlationVector":"1lboOVmfAvxSGR7RSL9zU5.222","action":"GetUpdates", "result":"DeleteReceived", "context":{"id":"d4b8754c-112e-42ee-a6e3-fd167e9972f6", "isDeleted:":"true", "version":"1699723711902"}}
{"logTime": "1114/045445", "correlationVector":"1lboOVmfAvxSGR7RSL9zU5.223","action":"GetUpdates", "result":"DeleteReceived", "context":{"id":"2252f3c5-4ab7-4367-92a5-a4083be3149d", "isDeleted:":"true", "version":"1699724034745"}}
{"logTime": "1114/045445", "correlationVector":"1lboOVmfAvxSGR7RSL9zU5.224","action":"GetUpdates", "result":"DeleteReceived", "context":{"id":"efc91627-9790-4d00-a48d-816abcdd3380", "isDeleted:":"true", "version":"1699724034746"}}
{"logTime": "1114/045445", "correlationVector":"1lboOVmfAvxSGR7RSL9zU5.225","action":"GetUpdates", "result":"DeleteReceived", "context":{"id":"d5c9b94f-1dce-4a69-a941-1b190546e34b", "isDeleted:":"true", "version":"1699724605671"}}
{"logTime": "1114/045445", "correlationVector":"1lboOVmfAvxSGR7RSL9zU5.226","action":"GetUpdates", "result":"DeleteReceived", "context":{"id":"6f865e11-fdb2-4871-ad08-65e9df5aa609", "isDeleted:":"true", "version":"1699724638403"}}
{"logTime": "1114/045445", "correlationVector":"1lboOVmfAvxSGR7RSL9zU5.227","action":"GetUpdates", "result":"DeleteReceived", "context":{"id":"e47d0adf-2d0d-4557-814e-d30e86e78761", "isDeleted:":"true", "version":"1699727433173"}}
{"logTime": "1114/045445", "correlationVector":"1lboOVmfAvxSGR7RSL9zU5.228","action":"GetUpdates", "result":"DeleteReceived", "context":{"id":"35621c0c-ac8a-48db-a021-ad7f7f0c1e21", "isDeleted:":"true", "version":"1699727433174"}}
{"logTime": "1114/045445", "correlationVector":"1lboOVmfAvxSGR7RSL9zU5.229","action":"GetUpdates Response", "result":"SERVER_MORE_TO_DOWNLOAD", "context":Received 250 update(s).  Some updates remain.}
{"logTime": "1114/045445", "correlationVector":"wnqyCimxpQ2ijFY7gywL8X","action":"Normal GetUpdate request", "result":"", "context":cV=wnqyCimxpQ2ijFY7gywL8X
Nudged types: Sessions, Device Info, User Consents
Refresh requested types: Bookmarks, Preferences, Passwords, Autofill, Autofill Custom Data, Typed URLs, Extensions, Sessions, Extension settings, History Delete Directives, Device Info, User Consents, Send Tab To Self, Web Apps, Collection, Edge E Drop, Edge Hub App Usage, Edge Wallet, Encryption Keys}
{"logTime": "1114/045445", "correlationVector":"wnqyCimxpQ2ijFY7gywL8X.1","action":"SyncServerConnectionManagerRequest", "result":"SYNC_SERVER_OK", "context":{"environment":"Prod_SoutheastAsia_000j", "migrationStage":"NotStarted", "server":"GENERAL0100000F"}}
{"logTime": "1114/045445", "correlationVector":"wnqyCimxpQ2ijFY7gywL8X.2","action":"GetUpdates", "result":"DeleteReceived", "context":{"id":"abd75335-1087-41b6-9f47-5e156538e041", "isDeleted:":"true", "version":"1699727532177"}}
{"logTime": "1114/045445", "correlationVector":"wnqyCimxpQ2ijFY7gywL8X.3","action":"GetUpdates", "result":"DeleteReceived", "context":{"id":"75a08605-84ff-43b6-889a-e76acb6f6def", "isDeleted:":"true", "version":"1699727532178"}}
{"logTime": "1114/045445", "correlationVector":"wnqyCimxpQ2ijFY7gywL8X.4","action":"GetUpdates", "result":"DeleteReceived", "context":{"id":"26a71710-a8c8-4963-96c6-b5f9d75dcb83", "isDeleted:":"true", "version":"1699728208782"}}
{"logTime": "1114/045445", "correlationVector":"wnqyCimxpQ2ijFY7gywL8X.5","action":"GetUpdates", "result":"DeleteReceived", "context":{"id":"886431e0-8ded-49b9-9053-0c9d8ba36e2f", "isDeleted:":"true", "version":"1699728208783"}}
{"logTime": "1114/045445", "correlationVector":"wnqyCimxpQ2ijFY7gywL8X.6","action":"GetUpdates", "result":"DeleteReceived", "context":{"id":"d6b49e53-823d-443b-9a9d-f6999cd5954b", "isDeleted:":"true", "version":"1699728644318"}}
{"logTime": "1114/045445", "correlationVector":"wnqyCimxpQ2ijFY7gywL8X.7","action":"GetUpdates", "result":"DeleteReceived", "context":{"id":"467c9ad8-d35b-4043-8b9c-6e3b137bd582", "isDeleted:":"true", "version":"1699728716214"}}
{"logTime": "1114/045445", "correlationVector":"wnqyCimxpQ2ijFY7gywL8X.8","action":"GetUpdates", "result":"DeleteReceived", "context":{"id":"edaf6b9f-f70b-4bde-89a3-99a62f44d75d", "isDeleted:":"true", "version":"1699728795721"}}
{"logTime": "1114/045445", "correlationVector":"wnqyCimxpQ2ijFY7gywL8X.9","action":"GetUpdates", "result":"DeleteReceived", "context":{"id":"fab94831-28fd-4185-a638-f008f21f3ab4", "isDeleted:":"true", "version":"1699731271034"}}
{"logTime": "1114/045445", "correlationVector":"wnqyCimxpQ2ijFY7gywL8X.10","action":"GetUpdates", "result":"DeleteReceived", "context":{"id":"5f8fa26d-7c91-4354-8f2d-b96764be291b", "isDeleted:":"true", "version":"1699731927449"}}
{"logTime": "1114/045445", "correlationVector":"wnqyCimxpQ2ijFY7gywL8X.11","action":"GetUpdates", "result":"DeleteReceived", "context":{"id":"e50cfac1-56c7-491e-86e6-73e8b9963ff6", "isDeleted:":"true", "version":"1699732077873"}}
{"logTime": "1114/045445", "correlationVector":"wnqyCimxpQ2ijFY7gywL8X.12","action":"GetUpdates", "result":"DeleteReceived", "context":{"id":"6a5922e3-2f10-4e5e-844c-aeeb5e3b9795", "isDeleted:":"true", "version":"1699732763594"}}
{"logTime": "1114/045445", "correlationVector":"wnqyCimxpQ2ijFY7gywL8X.13","action":"GetUpdates", "result":"DeleteReceived", "context":{"id":"262deb21-9207-465f-b9f1-8c4be549b653", "isDeleted:":"true", "version":"1699733164223"}}
{"logTime": "1114/045445", "correlationVector":"wnqyCimxpQ2ijFY7gywL8X.14","action":"GetUpdates", "result":"DeleteReceived", "context":{"id":"1bb9c18c-a399-482f-bd7b-399120b3ee09", "isDeleted:":"true", "version":"1699733636845"}}
{"logTime": "1114/045445", "correlationVector":"wnqyCimxpQ2ijFY7gywL8X.15","action":"GetUpdates", "result":"DeleteReceived", "context":{"id":"9e8096f0-e936-4007-9391-b4da2cac79ea", "isDeleted:":"true", "version":"1699735500099"}}
{"logTime": "1114/045445", "correlationVector":"wnqyCimxpQ2ijFY7gywL8X.16","action":"GetUpdates", "result":"DeleteReceived", "context":{"id":"bd38aae8-4edd-40cd-9054-208a2f227ba8", "isDeleted:":"true", "version":"1699746227512"}}
{"logTime": "1114/045445", "correlationVector":"wnqyCimxpQ2ijFY7gywL8X.17","action":"GetUpdates", "result":"DeleteReceived", "context":{"id":"0ee29738-4d26-458c-829c-51ac9b887fb4", "isDeleted:":"true", "version":"1699746227513"}}
{"logTime": "1114/045445", "correlationVector":"wnqyCimxpQ2ijFY7gywL8X.18","action":"GetUpdates", "result":"DeleteReceived", "context":{"id":"ceda61b6-eeb9-4c9c-b95a-c39cd50e5c75", "isDeleted:":"true", "version":"1699799425044"}}
{"logTime": "1114/045445", "correlationVector":"wnqyCimxpQ2ijFY7gywL8X.19","action":"GetUpdates", "result":"DeleteReceived", "context":{"id":"39d4c931-8467-454c-a8bc-9aefe0a62384", "isDeleted:":"true", "version":"1699799425045"}}
{"logTime": "1114/045445", "correlationVector":"wnqyCimxpQ2ijFY7gywL8X.20","action":"GetUpdates", "result":"DeleteReceived", "context":{"id":"b125210d-f3e9-4c2a-9c94-3cef241e2846", "isDeleted:":"true", "version":"1699799425046"}}
{"logTime": "1114/045445", "correlationVector":"wnqyCimxpQ2ijFY7gywL8X.21","action":"GetUpdates", "result":"DeleteReceived", "context":{"id":"30bd4a46-bd64-4293-bfc2-3608caa1e17a", "isDeleted:":"true", "version":"1699816346753"}}
{"logTime": "1114/045445", "correlationVector":"wnqyCimxpQ2ijFY7gywL8X.22","action":"GetUpdates", "result":"DeleteReceived", "context":{"id":"6caf2219-9b0d-4300-ba17-b0c392074c60", "isDeleted:":"true", "version":"1699817492653"}}
{"logTime": "1114/045445", "correlationVector":"wnqyCimxpQ2ijFY7gywL8X.23","action":"GetUpdates", "result":"DeleteReceived", "context":{"id":"04974f55-cac6-42b0-87da-2256a00aa4b3", "isDeleted:":"true", "version":"1699817988301"}}
{"logTime": "1114/045445", "correlationVector":"wnqyCimxpQ2ijFY7gywL8X.24","action":"GetUpdates", "result":"DeleteReceived", "context":{"id":"81820826-9724-460a-9957-aafc88f48a58", "isDeleted:":"true", "version":"1699818194677"}}
{"logTime": "1114/045445", "correlationVector":"wnqyCimxpQ2ijFY7gywL8X.25","action":"GetUpdates", "result":"DeleteReceived", "context":{"id":"1613fcad-055a-41ae-a2bd-46ba1106b1b4", "isDeleted:":"true", "version":"1699818920891"}}
{"logTime": "1114/045445", "correlationVector":"wnqyCimxpQ2ijFY7gywL8X.26","action":"GetUpdates", "result":"DeleteReceived", "context":{"id":"5127932c-74da-4141-845c-0aef6c4f570e", "isDeleted:":"true", "version":"1699819330425"}}
{"logTime": "1114/045445", "correlationVector":"wnqyCimxpQ2ijFY7gywL8X.27","action":"GetUpdates", "result":"DeleteReceived", "context":{"id":"434716cc-d5fc-4a54-b35b-bd6047e1ff70", "isDeleted:":"true", "version":"1699819545881"}}
{"logTime": "1114/045445", "correlationVector":"wnqyCimxpQ2ijFY7gywL8X.28","action":"GetUpdates", "result":"DeleteReceived", "context":{"id":"96b5e7ac-bb43-405f-a4b3-9443494d2d23", "isDeleted:":"true", "version":"1699844036022"}}
{"logTime": "1114/045445", "correlationVector":"wnqyCimxpQ2ijFY7gywL8X.29","action":"GetUpdates", "result":"DeleteReceived", "context":{"id":"8e5f3644-ed9e-4c09-826d-7c0932775428", "isDeleted:":"true", "version":"1699850597436"}}
{"logTime": "1114/045445", "correlationVector":"wnqyCimxpQ2ijFY7gywL8X.30","action":"GetUpdates", "result":"DeleteReceived", "context":{"id":"609fd2b3-69e7-4701-9b94-cda5668afc65", "isDeleted:":"true", "version":"1699851012335"}}
{"logTime": "1114/045445", "correlationVector":"wnqyCimxpQ2ijFY7gywL8X.31","action":"GetUpdates", "result":"DeleteReceived", "context":{"id":"bb44d08e-4b9f-421b-9a92-c0669bc6df06", "isDeleted:":"true", "version":"1699851468830"}}
{"logTime": "1114/045445", "correlationVector":"wnqyCimxpQ2ijFY7gywL8X.32","action":"GetUpdates", "result":"DeleteReceived", "context":{"id":"ecb8f5b7-3ae1-4c08-9479-771e6ccee309", "isDeleted:":"true", "version":"1699851468831"}}
{"logTime": "1114/045445", "correlationVector":"wnqyCimxpQ2ijFY7gywL8X.33","action":"GetUpdates", "result":"DeleteReceived", "context":{"id":"2755f19a-a576-4cec-a7f3-8b0c09400c7b", "isDeleted:":"true", "version":"1699854590120"}}
{"logTime": "1114/045445", "correlationVector":"wnqyCimxpQ2ijFY7gywL8X.34","action":"GetUpdates", "result":"DeleteReceived", "context":{"id":"4dd125ad-1df2-445d-b5bc-e28add6993e5", "isDeleted:":"true", "version":"1699855102955"}}
{"logTime": "1114/045445", "correlationVector":"wnqyCimxpQ2ijFY7gywL8X.35","action":"GetUpdates", "result":"DeleteReceived", "context":{"id":"a83b687e-cd43-4435-82d4-15c3cf3ca0a2", "isDeleted:":"true", "version":"1699855421540"}}
{"logTime": "1114/045445", "correlationVector":"wnqyCimxpQ2ijFY7gywL8X.36","action":"GetUpdates", "result":"DeleteReceived", "context":{"id":"50c7df96-875a-4c39-922d-6b7652dce15d", "isDeleted:":"true", "version":"1699858602634"}}
{"logTime": "1114/045445", "correlationVector":"wnqyCimxpQ2ijFY7gywL8X.37","action":"GetUpdates", "result":"DeleteReceived", "context":{"id":"e81c6ba8-da3b-452f-a455-beb938d5a57a", "isDeleted:":"true", "version":"1699859816639"}}
{"logTime": "1114/045445", "correlationVector":"wnqyCimxpQ2ijFY7gywL8X.38","action":"GetUpdates", "result":"DeleteReceived", "context":{"id":"a9379337-fd5f-4d96-9d84-41bfe19c6a53", "isDeleted:":"true", "version":"1699860535829"}}
{"logTime": "1114/045445", "correlationVector":"wnqyCimxpQ2ijFY7gywL8X.39","action":"GetUpdates", "result":"DeleteReceived", "context":{"id":"ced016e2-87d0-4a28-96ac-96f01d97d890", "isDeleted:":"true", "version":"1699861286295"}}
{"logTime": "1114/045445", "correlationVector":"wnqyCimxpQ2ijFY7gywL8X.40","action":"GetUpdates", "result":"DeleteReceived", "context":{"id":"208a740e-9a7a-44d8-8411-e932ac90be5e", "isDeleted:":"true", "version":"1699861427227"}}
{"logTime": "1114/045445", "correlationVector":"wnqyCimxpQ2ijFY7gywL8X.41","action":"GetUpdates", "result":"DeleteReceived", "context":{"id":"35a5ea72-9c92-42e9-8db3-6f2070e873e2", "isDeleted:":"true", "version":"1699861697016"}}
{"logTime": "1114/045445", "correlationVector":"wnqyCimxpQ2ijFY7gywL8X.42","action":"GetUpdates", "result":"DeleteReceived", "context":{"id":"5c18418b-a223-4268-9305-f3263c6dfa86", "isDeleted:":"true", "version":"1699861953311"}}
{"logTime": "1114/045445", "correlationVector":"wnqyCimxpQ2ijFY7gywL8X.43","action":"GetUpdates", "result":"DeleteReceived", "context":{"id":"f6065a61-48e5-44af-be6f-83cbcab3d66d", "isDeleted:":"true", "version":"1699862090919"}}
{"logTime": "1114/045445", "correlationVector":"wnqyCimxpQ2ijFY7gywL8X.44","action":"GetUpdates", "result":"DeleteReceived", "context":{"id":"3fc0930c-b2d2-4e33-99e2-3a0c923267bc", "isDeleted:":"true", "version":"1699862404996"}}
{"logTime": "1114/045445", "correlationVector":"wnqyCimxpQ2ijFY7gywL8X.45","action":"GetUpdates", "result":"DeleteReceived", "context":{"id":"6903d3f3-a297-44b0-96f5-c858d9848e68", "isDeleted:":"true", "version":"1699862609469"}}
{"logTime": "1114/045445", "correlationVector":"wnqyCimxpQ2ijFY7gywL8X.46","action":"GetUpdates", "result":"DeleteReceived", "context":{"id":"1b4d0b9d-6fbe-49ea-bd6e-4b7119767224", "isDeleted:":"true", "version":"1699862810002"}}
{"logTime": "1114/045445", "correlationVector":"wnqyCimxpQ2ijFY7gywL8X.47","action":"GetUpdates", "result":"DeleteReceived", "context":{"id":"cebb49ea-312d-4b05-8c94-fdda2605ef16", "isDeleted:":"true", "version":"1699862986815"}}
{"logTime": "1114/045445", "correlationVector":"wnqyCimxpQ2ijFY7gywL8X.48","action":"GetUpdates", "result":"DeleteReceived", "context":{"id":"d40b5a61-6573-469b-93f6-00b5b24db176", "isDeleted:":"true", "version":"1699863380785"}}
{"logTime": "1114/045445", "correlationVector":"wnqyCimxpQ2ijFY7gywL8X.49","action":"GetUpdates", "result":"DeleteReceived", "context":{"id":"9d11d402-986a-48c0-97c5-5e1bfc30fab9", "isDeleted:":"true", "version":"1699863572369"}}
{"logTime": "1114/045445", "correlationVector":"wnqyCimxpQ2ijFY7gywL8X.50","action":"GetUpdates", "result":"DeleteReceived", "context":{"id":"1f7c6111-dbb8-4f85-9250-ffbda30ba46b", "isDeleted:":"true", "version":"1699863826524"}}
{"logTime": "1114/045445", "correlationVector":"wnqyCimxpQ2ijFY7gywL8X.51","action":"GetUpdates", "result":"DeleteReceived", "context":{"id":"27609b73-3504-4990-bdf4-00cf9b40776f", "isDeleted:":"true", "version":"1699871290495"}}
{"logTime": "1114/045445", "correlationVector":"wnqyCimxpQ2ijFY7gywL8X.52","action":"GetUpdates", "result":"DeleteReceived", "context":{"id":"7900795d-40ce-4f2c-8747-342cddc18114", "isDeleted:":"true", "version":"1699871414960"}}
{"logTime": "1114/045445", "correlationVector":"wnqyCimxpQ2ijFY7gywL8X.53","action":"GetUpdates", "result":"DeleteReceived", "context":{"id":"c45b5482-2d54-4c13-a4de-1e487a6d73fe", "isDeleted:":"true", "version":"1699871585986"}}
{"logTime": "1114/045445", "correlationVector":"wnqyCimxpQ2ijFY7gywL8X.54","action":"GetUpdates", "result":"DeleteReceived", "context":{"id":"7bf77f1f-d0e2-44b2-90be-bbdc5543154b", "isDeleted:":"true", "version":"1699871766266"}}
{"logTime": "1114/045445", "correlationVector":"wnqyCimxpQ2ijFY7gywL8X.55","action":"GetUpdates", "result":"DeleteReceived", "context":{"id":"8a992ef6-b10b-4131-a367-3597a150d1d1", "isDeleted:":"true", "version":"1699872128701"}}
{"logTime": "1114/045445", "correlationVector":"wnqyCimxpQ2ijFY7gywL8X.56","action":"GetUpdates", "result":"DeleteReceived", "context":{"id":"9f953e59-2387-4903-b197-a75cf5234aac", "isDeleted:":"true", "version":"1699872510478"}}
{"logTime": "1114/045445", "correlationVector":"wnqyCimxpQ2ijFY7gywL8X.57","action":"GetUpdates", "result":"DeleteReceived", "context":{"id":"0451c2a0-95c6-4631-b022-4f7b974dd8ea", "isDeleted:":"true", "version":"1699872787859"}}
{"logTime": "1114/045445", "correlationVector":"wnqyCimxpQ2ijFY7gywL8X.58","action":"GetUpdates", "result":"DeleteReceived", "context":{"id":"587dda33-7c43-406a-921e-05bfe54de331", "isDeleted:":"true", "version":"1699886046567"}}
{"logTime": "1114/045445", "correlationVector":"wnqyCimxpQ2ijFY7gywL8X.59","action":"GetUpdates", "result":"DeleteReceived", "context":{"id":"e2427307-a3d4-4de2-9d55-5749dc18de33", "isDeleted:":"true", "version":"1699890758574"}}
{"logTime": "1114/045445", "correlationVector":"wnqyCimxpQ2ijFY7gywL8X.60","action":"GetUpdates", "result":"DeleteReceived", "context":{"id":"3804bf5a-c4d7-4857-8645-b60d3e809a04", "isDeleted:":"true", "version":"1699892380884"}}
{"logTime": "1114/045445", "correlationVector":"wnqyCimxpQ2ijFY7gywL8X.61","action":"GetUpdates", "result":"DeleteReceived", "context":{"id":"6a704c06-36ec-49cc-a5e1-ea8267ef18e6", "isDeleted:":"true", "version":"1699893506792"}}
{"logTime": "1114/045445", "correlationVector":"wnqyCimxpQ2ijFY7gywL8X.62","action":"GetUpdates", "result":"DeleteReceived", "context":{"id":"6f1ae248-0de2-4f32-be86-1d4de376fedf", "isDeleted:":"true", "version":"1699910173905"}}
{"logTime": "1114/045445", "correlationVector":"wnqyCimxpQ2ijFY7gywL8X.63","action":"GetUpdates", "result":"DeleteReceived", "context":{"id":"7535bdae-2aea-45e1-8491-0908b50d2d65", "isDeleted:":"true", "version":"1699937581912"}}
{"logTime": "1114/045445", "correlationVector":"wnqyCimxpQ2ijFY7gywL8X.64","action":"GetUpdates Response", "result":"SYNCER_OK", "context":Received 99 update(s). cV=wnqyCimxpQ2ijFY7gywL8X.0;server=GENERAL0100000F;cloudType=Consumer;environment=Prod_SoutheastAsia_000j;migrationStage=NotStarted}
{"logTime": "1114/045445", "correlationVector":"Q6EcVsKYH4YSvM7I9vPkAF","action":"Commit Request", "result":"", "context":Item count: 1
Contributing types: Device Info}
{"logTime": "1114/045445", "correlationVector":"Q6EcVsKYH4YSvM7I9vPkAF.1","action":"SyncServerConnectionManagerRequest", "result":"SYNC_SERVER_OK", "context":{"environment":"Prod_SoutheastAsia_000j", "migrationStage":"NotStarted", "server":"GENERAL0100000T"}}
{"logTime": "1114/045445", "correlationVector":"Q6EcVsKYH4YSvM7I9vPkAF.2","action":"Commit Response", "result":"SYNCER_OK", "context":Result: SYNCER_OK. cV=Q6EcVsKYH4YSvM7I9vPkAF.0;server=GENERAL0100000T;cloudType=Consumer;environment=Prod_SoutheastAsia_000j;migrationStage=NotStarted}
{"logTime": "1114/045445", "correlationVector":"jRusuZFm6UnpK9Pgeb6WMP","action":"Commit Request", "result":"", "context":Item count: 4
Contributing types: Sessions, User Consents}
{"logTime": "1114/045445", "correlationVector":"jRusuZFm6UnpK9Pgeb6WMP.1","action":"SyncServerConnectionManagerRequest", "result":"SYNC_SERVER_OK", "context":{"environment":"Prod_SoutheastAsia_000j", "migrationStage":"NotStarted", "server":"GENERAL0100000F"}}
{"logTime": "1114/045445", "correlationVector":"jRusuZFm6UnpK9Pgeb6WMP.3","action":"Commit.Sessions", "result":"Success", "context":{"id":"31e2b31e-aeaa-477e-9368-50f3c4078ec1", "isDeleted":"true", "size":"0", "version":"1699434361450"}}
{"logTime": "1114/045445", "correlationVector":"jRusuZFm6UnpK9Pgeb6WMP.2","action":"Commit Response", "result":"SYNCER_OK", "context":Result: SYNCER_OK. cV=jRusuZFm6UnpK9Pgeb6WMP.0;server=GENERAL0100000F;cloudType=Consumer;environment=Prod_SoutheastAsia_000j;migrationStage=NotStarted}
{"logTime": "1114/045445", "correlationVector":"Whsa3pLKwySYckP+DC0e1+","action":"Poll GetUpdate request", "result":"", "context":cV=Whsa3pLKwySYckP+DC0e1+}
{"logTime": "1114/045445", "correlationVector":"Whsa3pLKwySYckP+DC0e1+.1","action":"SyncServerConnectionManagerRequest", "result":"SYNC_SERVER_OK", "context":{"environment":"Prod_SoutheastAsia_000j", "migrationStage":"NotStarted", "server":"GENERAL0100000H"}}
{"logTime": "1114/045445", "correlationVector":"Whsa3pLKwySYckP+DC0e1+.2","action":"GetUpdates", "result":"DeleteReceived", "context":{"id":"31e2b31e-aeaa-477e-9368-50f3c4078ec1", "isDeleted:":"true", "version":"1699937674377"}}
{"logTime": "1114/045445", "correlationVector":"Whsa3pLKwySYckP+DC0e1+.3","action":"GetUpdates Response", "result":"SYNCER_OK", "context":Received 4 update(s). cV=Whsa3pLKwySYckP+DC0e1+.0;server=GENERAL0100000H;cloudType=Consumer;environment=Prod_SoutheastAsia_000j;migrationStage=NotStarted}
{"logTime": "1114/045445", "correlationVector":"zNzZ7XfSEVbSf3+Ikak6wV","action":"Normal GetUpdate request", "result":"", "context":cV=zNzZ7XfSEVbSf3+Ikak6wV
Nudged types: Sessions, Device Info
Refresh requested types: Bookmarks, Preferences, Passwords, Autofill, Autofill Custom Data, Typed URLs, Extensions, Sessions, Extension settings, History Delete Directives, Device Info, User Consents, Send Tab To Self, Web Apps, Collection, Edge E Drop, Edge Hub App Usage, Edge Wallet, Encryption Keys}
{"logTime": "1114/045445", "correlationVector":"zNzZ7XfSEVbSf3+Ikak6wV.1","action":"SyncServerConnectionManagerRequest", "result":"SYNC_SERVER_OK", "context":{"environment":"Prod_SoutheastAsia_000j", "migrationStage":"NotStarted", "server":"GENERAL01000013"}}
{"logTime": "1114/045445", "correlationVector":"zNzZ7XfSEVbSf3+Ikak6wV.2","action":"GetUpdates Response", "result":"SYNCER_OK", "context":Received 0 update(s). cV=zNzZ7XfSEVbSf3+Ikak6wV.0;server=GENERAL01000013;cloudType=Consumer;environment=Prod_SoutheastAsia_000j;migrationStage=NotStarted}
{"logTime": "1114/045445", "correlationVector":"biRgqrLVaVl2x+yZgEJvRe","action":"Commit Request", "result":"", "context":Item count: 1
Contributing types: Sessions}
{"logTime": "1114/045445", "correlationVector":"biRgqrLVaVl2x+yZgEJvRe.1","action":"SyncServerConnectionManagerRequest", "result":"SYNC_SERVER_OK", "context":{"environment":"Prod_SoutheastAsia_000j", "migrationStage":"NotStarted", "server":"GENERAL01000003"}}
{"logTime": "1114/045445", "correlationVector":"biRgqrLVaVl2x+yZgEJvRe.2","action":"Commit Response", "result":"SYNCER_OK", "context":Result: SYNCER_OK. cV=biRgqrLVaVl2x+yZgEJvRe.0;server=GENERAL01000003;cloudType=Consumer;environment=Prod_SoutheastAsia_000j;migrationStage=NotStarted}
{"logTime": "1114/045449", "correlationVector":"FZz9hyzazT5N0jcoll6d5u","action":"Normal GetUpdate request", "result":"", "context":cV=FZz9hyzazT5N0jcoll6d5u
Nudged types: Sessions
Notified types: Preferences}
{"logTime": "1114/045450", "correlationVector":"FZz9hyzazT5N0jcoll6d5u.1","action":"SyncServerConnectionManagerRequest", "result":"SYNC_SERVER_OK", "context":{"environment":"Prod_SoutheastAsia_000j", "migrationStage":"NotStarted", "server":"GENERAL0100000O"}}
{"logTime": "1114/045450", "correlationVector":"FZz9hyzazT5N0jcoll6d5u.2","action":"GetUpdates Response", "result":"SYNCER_OK", "context":Received 2 update(s). cV=FZz9hyzazT5N0jcoll6d5u.0;server=GENERAL0100000O;cloudType=Consumer;environment=Prod_SoutheastAsia_000j;migrationStage=NotStarted}
{"logTime": "1114/045459", "correlationVector":"QGjzpheMyIYDNCwryD9r1t","action":"Commit Request", "result":"", "context":Item count: 1
Contributing types: Preferences}
{"logTime": "1114/045503", "correlationVector":"QGjzpheMyIYDNCwryD9r1t.1","action":"SyncServerConnectionManagerRequest", "result":"SYNC_SERVER_OK", "context":{"environment":"Prod_SoutheastAsia_000j", "migrationStage":"NotStarted", "server":"GENERAL0100001D"}}
{"logTime": "1114/045503", "correlationVector":"QGjzpheMyIYDNCwryD9r1t.2","action":"Commit Response", "result":"SYNCER_OK", "context":Result: SYNCER_OK. cV=QGjzpheMyIYDNCwryD9r1t.0;server=GENERAL0100001D;cloudType=Consumer;environment=Prod_SoutheastAsia_000j;migrationStage=NotStarted}
{"logTime": "1114/045526", "correlationVector":"9pvFWOgDxJytv9n1M9cDot","action":"Commit Request", "result":"", "context":Item count: 1
Contributing types: Preferences}
{"logTime": "1114/045526", "correlationVector":"9pvFWOgDxJytv9n1M9cDot.1","action":"SyncServerConnectionManagerRequest", "result":"SYNC_SERVER_OK", "context":{"environment":"Prod_SoutheastAsia_000j", "migrationStage":"NotStarted", "server":"GENERAL0100001H"}}
{"logTime": "1114/045526", "correlationVector":"9pvFWOgDxJytv9n1M9cDot.2","action":"Commit Response", "result":"SYNCER_OK", "context":Result: SYNCER_OK. cV=9pvFWOgDxJytv9n1M9cDot.0;server=GENERAL0100001H;cloudType=Consumer;environment=Prod_SoutheastAsia_000j;migrationStage=NotStarted}
{"logTime": "1114/045757", "correlationVector":"AQ+v2V6QRyPnpWYL/rSqdA","action":"Normal GetUpdate request", "result":"", "context":cV=AQ+v2V6QRyPnpWYL/rSqdA
Nudged types: Sessions
Notified types: Preferences}
{"logTime": "1114/045758", "correlationVector":"AQ+v2V6QRyPnpWYL/rSqdA.1","action":"SyncServerConnectionManagerRequest", "result":"SYNC_SERVER_OK", "context":{"environment":"Prod_SoutheastAsia_000j", "migrationStage":"NotStarted", "server":"GENERAL0100001C"}}
{"logTime": "1114/045758", "correlationVector":"AQ+v2V6QRyPnpWYL/rSqdA.2","action":"GetUpdates Response", "result":"SYNCER_OK", "context":Received 4 update(s). cV=AQ+v2V6QRyPnpWYL/rSqdA.0;server=GENERAL0100001C;cloudType=Consumer;environment=Prod_SoutheastAsia_000j;migrationStage=NotStarted}
{"logTime": "1114/045758", "correlationVector":"WmctIX9VCORCgbLS/HKlKD","action":"Commit Request", "result":"", "context":Item count: 1
Contributing types: Sessions}
{"logTime": "1114/045758", "correlationVector":"WmctIX9VCORCgbLS/HKlKD.1","action":"SyncServerConnectionManagerRequest", "result":"SYNC_SERVER_OK", "context":{"environment":"Prod_SoutheastAsia_000j", "migrationStage":"NotStarted", "server":"GENERAL0100000Y"}}
{"logTime": "1114/045758", "correlationVector":"WmctIX9VCORCgbLS/HKlKD.2","action":"Commit Response", "result":"SYNCER_OK", "context":Result: SYNCER_OK. cV=WmctIX9VCORCgbLS/HKlKD.0;server=GENERAL0100000Y;cloudType=Consumer;environment=Prod_SoutheastAsia_000j;migrationStage=NotStarted}
{"logTime": "1114/045828", "correlationVector":"BQ1lUOrBGFfczGvRaV3TK9","action":"Commit Request", "result":"", "context":Item count: 1
Contributing types: Sessions}
{"logTime": "1114/045829", "correlationVector":"BQ1lUOrBGFfczGvRaV3TK9.1","action":"SyncServerConnectionManagerRequest", "result":"SYNC_SERVER_OK", "context":{"environment":"Prod_SoutheastAsia_000j", "migrationStage":"NotStarted", "server":"GENERAL0100000J"}}
{"logTime": "1114/045829", "correlationVector":"BQ1lUOrBGFfczGvRaV3TK9.2","action":"Commit Response", "result":"SYNCER_OK", "context":Result: SYNCER_OK. cV=BQ1lUOrBGFfczGvRaV3TK9.0;server=GENERAL0100000J;cloudType=Consumer;environment=Prod_SoutheastAsia_000j;migrationStage=NotStarted}
{"logTime": "1114/051302", "correlationVector":"E8OUvROh9WKZ1a9apSeZTg","action":"Commit Request", "result":"", "context":Item count: 1
Contributing types: Sessions}
{"logTime": "1114/051303", "correlationVector":"E8OUvROh9WKZ1a9apSeZTg.1","action":"SyncServerConnectionManagerRequest", "result":"SYNC_SERVER_OK", "context":{"environment":"Prod_SoutheastAsia_000j", "migrationStage":"NotStarted", "server":"GENERAL01000019"}}
{"logTime": "1114/051303", "correlationVector":"E8OUvROh9WKZ1a9apSeZTg.2","action":"Commit Response", "result":"SYNCER_OK", "context":Result: SYNCER_OK. cV=E8OUvROh9WKZ1a9apSeZTg.0;server=GENERAL01000019;cloudType=Consumer;environment=Prod_SoutheastAsia_000j;migrationStage=NotStarted}
